TOP.5e00207a.000d685d	START
TOP.5e00207a.000d685d	user_options->separator	:
TOP.5e00207a.000d685d	user_options->encoding_from	utf-8
TOP.5e00207a.000d685d	user_options->encoding_to	utf-8
TOP.5e00207a.000d685d	user_options->opencl_device_types	1
TOP.5e00207a.000d685d	user_options->outfile	C:\Users\John\Downloads\portables\Hashcat\output\output.txt
TOP.5e00207a.000d685d	user_options->rule_buf_l	:
TOP.5e00207a.000d685d	user_options->rule_buf_r	:
TOP.5e00207a.000d685d	user_options->session	2019-12-22
TOP.5e00207a.000d685d	user_options->limit	0
TOP.5e00207a.000d685d	user_options->skip	0
TOP.5e00207a.000d685d	user_options->attack_mode	0
TOP.5e00207a.000d685d	user_options->benchmark	0
TOP.5e00207a.000d685d	user_options->benchmark_all	0
TOP.5e00207a.000d685d	user_options->bitmap_max	18
TOP.5e00207a.000d685d	user_options->bitmap_min	16
TOP.5e00207a.000d685d	user_options->debug_mode	0
TOP.5e00207a.000d685d	user_options->example_hashes	0
TOP.5e00207a.000d685d	user_options->force	0
TOP.5e00207a.000d685d	user_options->hwmon_disable	0
TOP.5e00207a.000d685d	user_options->hwmon_temp_abort	90
TOP.5e00207a.000d685d	user_options->hash_mode	2500
TOP.5e00207a.000d685d	user_options->hex_charset	1
TOP.5e00207a.000d685d	user_options->hex_salt	0
TOP.5e00207a.000d685d	user_options->hex_wordlist	0
TOP.5e00207a.000d685d	user_options->increment	0
TOP.5e00207a.000d685d	user_options->increment_max	256
TOP.5e00207a.000d685d	user_options->increment_min	1
TOP.5e00207a.000d685d	user_options->keep_guessing	0
TOP.5e00207a.000d685d	user_options->kernel_accel	0
TOP.5e00207a.000d685d	user_options->kernel_loops	0
TOP.5e00207a.000d685d	user_options->kernel_threads	0
TOP.5e00207a.000d685d	user_options->keyspace	0
TOP.5e00207a.000d685d	user_options->left	0
TOP.5e00207a.000d685d	user_options->logfile_disable	0
TOP.5e00207a.000d685d	user_options->loopback	0
TOP.5e00207a.000d685d	user_options->machine_readable	0
TOP.5e00207a.000d685d	user_options->markov_classic	0
TOP.5e00207a.000d685d	user_options->markov_disable	0
TOP.5e00207a.000d685d	user_options->markov_threshold	256
TOP.5e00207a.000d685d	user_options->opencl_info	0
TOP.5e00207a.000d685d	user_options->opencl_vector_width	0
TOP.5e00207a.000d685d	user_options->optimized_kernel_enable	1
TOP.5e00207a.000d685d	user_options->outfile_autohex	1
TOP.5e00207a.000d685d	user_options->outfile_check_timer	5
TOP.5e00207a.000d685d	user_options->outfile_format	1
TOP.5e00207a.000d685d	user_options->wordlist_autohex_disable	0
TOP.5e00207a.000d685d	user_options->potfile_disable	1
TOP.5e00207a.000d685d	user_options->progress_only	0
TOP.5e00207a.000d685d	user_options->quiet	0
TOP.5e00207a.000d685d	user_options->remove	0
TOP.5e00207a.000d685d	user_options->remove_timer	60
TOP.5e00207a.000d685d	user_options->restore	0
TOP.5e00207a.000d685d	user_options->restore_disable	0
TOP.5e00207a.000d685d	user_options->restore_timer	60
TOP.5e00207a.000d685d	user_options->rp_files_cnt	0
TOP.5e00207a.000d685d	user_options->rp_gen	0
TOP.5e00207a.000d685d	user_options->rp_gen_func_max	4
TOP.5e00207a.000d685d	user_options->rp_gen_func_min	1
TOP.5e00207a.000d685d	user_options->rp_gen_seed	0
TOP.5e00207a.000d685d	user_options->runtime	0
TOP.5e00207a.000d685d	user_options->scrypt_tmto	0
TOP.5e00207a.000d685d	user_options->segment_size	33554432
TOP.5e00207a.000d685d	user_options->self_test_disable	0
TOP.5e00207a.000d685d	user_options->slow_candidates	0
TOP.5e00207a.000d685d	user_options->show	0
TOP.5e00207a.000d685d	user_options->speed_only	0
TOP.5e00207a.000d685d	user_options->spin_damp	8
TOP.5e00207a.000d685d	user_options->status	1
TOP.5e00207a.000d685d	user_options->status_timer	60
TOP.5e00207a.000d685d	user_options->stdout_flag	0
TOP.5e00207a.000d685d	user_options->usage	0
TOP.5e00207a.000d685d	user_options->username	0
TOP.5e00207a.000d685d	user_options->veracrypt_pim	0
TOP.5e00207a.000d685d	user_options->version	0
TOP.5e00207a.000d685d	user_options->workload_profile	2
TOP.5e00207a.000d685d	user_options->brain_client	0
TOP.5e00207a.000d685d	user_options->brain_client_features	2
TOP.5e00207a.000d685d	user_options->brain_server	0
TOP.5e00207a.000d685d	user_options->brain_port	6863
TOP.5e00207a.000d685d	user_options->brain_session	0
TOP.5e00207a.000d685d	proc_start	1577066618
TOP.5e00207a.000d685d	proc_stop	1577066619
TOP.5e00207a.000d685d	STOP
TOP.5e00210f.0009dad8	START
TOP.5e00210f.0009dad8	user_options->separator	:
TOP.5e00210f.0009dad8	user_options->encoding_from	utf-8
TOP.5e00210f.0009dad8	user_options->encoding_to	utf-8
TOP.5e00210f.0009dad8	user_options->opencl_device_types	1
TOP.5e00210f.0009dad8	user_options->outfile	C:\Users\John\Downloads\portables\Hashcat\output\output.txt
TOP.5e00210f.0009dad8	user_options->rule_buf_l	:
TOP.5e00210f.0009dad8	user_options->rule_buf_r	:
TOP.5e00210f.0009dad8	user_options->session	2019-12-22
TOP.5e00210f.0009dad8	user_options->limit	0
TOP.5e00210f.0009dad8	user_options->skip	0
TOP.5e00210f.0009dad8	user_options->attack_mode	0
TOP.5e00210f.0009dad8	user_options->benchmark	0
TOP.5e00210f.0009dad8	user_options->benchmark_all	0
TOP.5e00210f.0009dad8	user_options->bitmap_max	18
TOP.5e00210f.0009dad8	user_options->bitmap_min	16
TOP.5e00210f.0009dad8	user_options->debug_mode	0
TOP.5e00210f.0009dad8	user_options->example_hashes	0
TOP.5e00210f.0009dad8	user_options->force	0
TOP.5e00210f.0009dad8	user_options->hwmon_disable	0
TOP.5e00210f.0009dad8	user_options->hwmon_temp_abort	90
TOP.5e00210f.0009dad8	user_options->hash_mode	2500
TOP.5e00210f.0009dad8	user_options->hex_charset	1
TOP.5e00210f.0009dad8	user_options->hex_salt	0
TOP.5e00210f.0009dad8	user_options->hex_wordlist	0
TOP.5e00210f.0009dad8	user_options->increment	0
TOP.5e00210f.0009dad8	user_options->increment_max	256
TOP.5e00210f.0009dad8	user_options->increment_min	1
TOP.5e00210f.0009dad8	user_options->keep_guessing	0
TOP.5e00210f.0009dad8	user_options->kernel_accel	0
TOP.5e00210f.0009dad8	user_options->kernel_loops	0
TOP.5e00210f.0009dad8	user_options->kernel_threads	0
TOP.5e00210f.0009dad8	user_options->keyspace	0
TOP.5e00210f.0009dad8	user_options->left	0
TOP.5e00210f.0009dad8	user_options->logfile_disable	0
TOP.5e00210f.0009dad8	user_options->loopback	0
TOP.5e00210f.0009dad8	user_options->machine_readable	0
TOP.5e00210f.0009dad8	user_options->markov_classic	0
TOP.5e00210f.0009dad8	user_options->markov_disable	0
TOP.5e00210f.0009dad8	user_options->markov_threshold	256
TOP.5e00210f.0009dad8	user_options->opencl_info	0
TOP.5e00210f.0009dad8	user_options->opencl_vector_width	0
TOP.5e00210f.0009dad8	user_options->optimized_kernel_enable	1
TOP.5e00210f.0009dad8	user_options->outfile_autohex	1
TOP.5e00210f.0009dad8	user_options->outfile_check_timer	5
TOP.5e00210f.0009dad8	user_options->outfile_format	1
TOP.5e00210f.0009dad8	user_options->wordlist_autohex_disable	0
TOP.5e00210f.0009dad8	user_options->potfile_disable	1
TOP.5e00210f.0009dad8	user_options->progress_only	0
TOP.5e00210f.0009dad8	user_options->quiet	0
TOP.5e00210f.0009dad8	user_options->remove	0
TOP.5e00210f.0009dad8	user_options->remove_timer	60
TOP.5e00210f.0009dad8	user_options->restore	0
TOP.5e00210f.0009dad8	user_options->restore_disable	0
TOP.5e00210f.0009dad8	user_options->restore_timer	60
TOP.5e00210f.0009dad8	user_options->rp_files_cnt	0
TOP.5e00210f.0009dad8	user_options->rp_gen	0
TOP.5e00210f.0009dad8	user_options->rp_gen_func_max	4
TOP.5e00210f.0009dad8	user_options->rp_gen_func_min	1
TOP.5e00210f.0009dad8	user_options->rp_gen_seed	0
TOP.5e00210f.0009dad8	user_options->runtime	0
TOP.5e00210f.0009dad8	user_options->scrypt_tmto	0
TOP.5e00210f.0009dad8	user_options->segment_size	33554432
TOP.5e00210f.0009dad8	user_options->self_test_disable	0
TOP.5e00210f.0009dad8	user_options->slow_candidates	0
TOP.5e00210f.0009dad8	user_options->show	0
TOP.5e00210f.0009dad8	user_options->speed_only	0
TOP.5e00210f.0009dad8	user_options->spin_damp	8
TOP.5e00210f.0009dad8	user_options->status	1
TOP.5e00210f.0009dad8	user_options->status_timer	60
TOP.5e00210f.0009dad8	user_options->stdout_flag	0
TOP.5e00210f.0009dad8	user_options->usage	0
TOP.5e00210f.0009dad8	user_options->username	0
TOP.5e00210f.0009dad8	user_options->veracrypt_pim	0
TOP.5e00210f.0009dad8	user_options->version	0
TOP.5e00210f.0009dad8	user_options->workload_profile	2
TOP.5e00210f.0009dad8	user_options->brain_client	0
TOP.5e00210f.0009dad8	user_options->brain_client_features	2
TOP.5e00210f.0009dad8	user_options->brain_server	0
TOP.5e00210f.0009dad8	user_options->brain_port	6863
TOP.5e00210f.0009dad8	user_options->brain_session	0
TOP.5e00210f.0009dad8	proc_start	1577066767
TOP.5e00210f.0009dad8	proc_stop	1577066767
TOP.5e00210f.0009dad8	STOP
TOP.5e00215d.0003c3e1	START
TOP.5e00215d.0003c3e1	user_options->separator	:
TOP.5e00215d.0003c3e1	user_options->encoding_from	utf-8
TOP.5e00215d.0003c3e1	user_options->encoding_to	utf-8
TOP.5e00215d.0003c3e1	user_options->opencl_device_types	1
TOP.5e00215d.0003c3e1	user_options->outfile	C:\Users\John\Downloads\portables\Hashcat\output\output.txt
TOP.5e00215d.0003c3e1	user_options->rule_buf_l	:
TOP.5e00215d.0003c3e1	user_options->rule_buf_r	:
TOP.5e00215d.0003c3e1	user_options->session	2019-12-22
TOP.5e00215d.0003c3e1	user_options->limit	0
TOP.5e00215d.0003c3e1	user_options->skip	0
TOP.5e00215d.0003c3e1	user_options->attack_mode	0
TOP.5e00215d.0003c3e1	user_options->benchmark	0
TOP.5e00215d.0003c3e1	user_options->benchmark_all	0
TOP.5e00215d.0003c3e1	user_options->bitmap_max	18
TOP.5e00215d.0003c3e1	user_options->bitmap_min	16
TOP.5e00215d.0003c3e1	user_options->debug_mode	0
TOP.5e00215d.0003c3e1	user_options->example_hashes	0
TOP.5e00215d.0003c3e1	user_options->force	0
TOP.5e00215d.0003c3e1	user_options->hwmon_disable	0
TOP.5e00215d.0003c3e1	user_options->hwmon_temp_abort	90
TOP.5e00215d.0003c3e1	user_options->hash_mode	2500
TOP.5e00215d.0003c3e1	user_options->hex_charset	1
TOP.5e00215d.0003c3e1	user_options->hex_salt	0
TOP.5e00215d.0003c3e1	user_options->hex_wordlist	0
TOP.5e00215d.0003c3e1	user_options->increment	0
TOP.5e00215d.0003c3e1	user_options->increment_max	256
TOP.5e00215d.0003c3e1	user_options->increment_min	1
TOP.5e00215d.0003c3e1	user_options->keep_guessing	0
TOP.5e00215d.0003c3e1	user_options->kernel_accel	0
TOP.5e00215d.0003c3e1	user_options->kernel_loops	0
TOP.5e00215d.0003c3e1	user_options->kernel_threads	0
TOP.5e00215d.0003c3e1	user_options->keyspace	0
TOP.5e00215d.0003c3e1	user_options->left	0
TOP.5e00215d.0003c3e1	user_options->logfile_disable	0
TOP.5e00215d.0003c3e1	user_options->loopback	0
TOP.5e00215d.0003c3e1	user_options->machine_readable	0
TOP.5e00215d.0003c3e1	user_options->markov_classic	0
TOP.5e00215d.0003c3e1	user_options->markov_disable	0
TOP.5e00215d.0003c3e1	user_options->markov_threshold	256
TOP.5e00215d.0003c3e1	user_options->opencl_info	0
TOP.5e00215d.0003c3e1	user_options->opencl_vector_width	0
TOP.5e00215d.0003c3e1	user_options->optimized_kernel_enable	1
TOP.5e00215d.0003c3e1	user_options->outfile_autohex	1
TOP.5e00215d.0003c3e1	user_options->outfile_check_timer	5
TOP.5e00215d.0003c3e1	user_options->outfile_format	1
TOP.5e00215d.0003c3e1	user_options->wordlist_autohex_disable	0
TOP.5e00215d.0003c3e1	user_options->potfile_disable	1
TOP.5e00215d.0003c3e1	user_options->progress_only	0
TOP.5e00215d.0003c3e1	user_options->quiet	0
TOP.5e00215d.0003c3e1	user_options->remove	0
TOP.5e00215d.0003c3e1	user_options->remove_timer	60
TOP.5e00215d.0003c3e1	user_options->restore	0
TOP.5e00215d.0003c3e1	user_options->restore_disable	0
TOP.5e00215d.0003c3e1	user_options->restore_timer	60
TOP.5e00215d.0003c3e1	user_options->rp_files_cnt	0
TOP.5e00215d.0003c3e1	user_options->rp_gen	0
TOP.5e00215d.0003c3e1	user_options->rp_gen_func_max	4
TOP.5e00215d.0003c3e1	user_options->rp_gen_func_min	1
TOP.5e00215d.0003c3e1	user_options->rp_gen_seed	0
TOP.5e00215d.0003c3e1	user_options->runtime	0
TOP.5e00215d.0003c3e1	user_options->scrypt_tmto	0
TOP.5e00215d.0003c3e1	user_options->segment_size	33554432
TOP.5e00215d.0003c3e1	user_options->self_test_disable	0
TOP.5e00215d.0003c3e1	user_options->slow_candidates	0
TOP.5e00215d.0003c3e1	user_options->show	0
TOP.5e00215d.0003c3e1	user_options->speed_only	0
TOP.5e00215d.0003c3e1	user_options->spin_damp	8
TOP.5e00215d.0003c3e1	user_options->status	1
TOP.5e00215d.0003c3e1	user_options->status_timer	60
TOP.5e00215d.0003c3e1	user_options->stdout_flag	0
TOP.5e00215d.0003c3e1	user_options->usage	0
TOP.5e00215d.0003c3e1	user_options->username	0
TOP.5e00215d.0003c3e1	user_options->veracrypt_pim	0
TOP.5e00215d.0003c3e1	user_options->version	0
TOP.5e00215d.0003c3e1	user_options->workload_profile	2
TOP.5e00215d.0003c3e1	user_options->brain_client	0
TOP.5e00215d.0003c3e1	user_options->brain_client_features	2
TOP.5e00215d.0003c3e1	user_options->brain_server	0
TOP.5e00215d.0003c3e1	user_options->brain_port	6863
TOP.5e00215d.0003c3e1	user_options->brain_session	0
TOP.5e00215d.0003c3e1	proc_start	1577066845
TOP.5e00215d.0003c3e1	proc_stop	1577066845
TOP.5e00215d.0003c3e1	STOP
TOP.5e002b2b.00054d21	START
TOP.5e002b2b.00054d21	user_options->separator	:
TOP.5e002b2b.00054d21	user_options->encoding_from	utf-8
TOP.5e002b2b.00054d21	user_options->encoding_to	utf-8
TOP.5e002b2b.00054d21	user_options->opencl_device_types	1
TOP.5e002b2b.00054d21	user_options->outfile	C:\Users\John\Downloads\portables\Hashcat\output\output.txt
TOP.5e002b2b.00054d21	user_options->rule_buf_l	:
TOP.5e002b2b.00054d21	user_options->rule_buf_r	:
TOP.5e002b2b.00054d21	user_options->session	2019-12-22
TOP.5e002b2b.00054d21	user_options->limit	0
TOP.5e002b2b.00054d21	user_options->skip	0
TOP.5e002b2b.00054d21	user_options->attack_mode	0
TOP.5e002b2b.00054d21	user_options->benchmark	0
TOP.5e002b2b.00054d21	user_options->benchmark_all	0
TOP.5e002b2b.00054d21	user_options->bitmap_max	18
TOP.5e002b2b.00054d21	user_options->bitmap_min	16
TOP.5e002b2b.00054d21	user_options->debug_mode	0
TOP.5e002b2b.00054d21	user_options->example_hashes	0
TOP.5e002b2b.00054d21	user_options->force	0
TOP.5e002b2b.00054d21	user_options->hwmon_disable	0
TOP.5e002b2b.00054d21	user_options->hwmon_temp_abort	90
TOP.5e002b2b.00054d21	user_options->hash_mode	2500
TOP.5e002b2b.00054d21	user_options->hex_charset	1
TOP.5e002b2b.00054d21	user_options->hex_salt	0
TOP.5e002b2b.00054d21	user_options->hex_wordlist	0
TOP.5e002b2b.00054d21	user_options->increment	0
TOP.5e002b2b.00054d21	user_options->increment_max	256
TOP.5e002b2b.00054d21	user_options->increment_min	1
TOP.5e002b2b.00054d21	user_options->keep_guessing	0
TOP.5e002b2b.00054d21	user_options->kernel_accel	0
TOP.5e002b2b.00054d21	user_options->kernel_loops	0
TOP.5e002b2b.00054d21	user_options->kernel_threads	0
TOP.5e002b2b.00054d21	user_options->keyspace	0
TOP.5e002b2b.00054d21	user_options->left	0
TOP.5e002b2b.00054d21	user_options->logfile_disable	0
TOP.5e002b2b.00054d21	user_options->loopback	0
TOP.5e002b2b.00054d21	user_options->machine_readable	0
TOP.5e002b2b.00054d21	user_options->markov_classic	0
TOP.5e002b2b.00054d21	user_options->markov_disable	0
TOP.5e002b2b.00054d21	user_options->markov_threshold	256
TOP.5e002b2b.00054d21	user_options->opencl_info	0
TOP.5e002b2b.00054d21	user_options->opencl_vector_width	0
TOP.5e002b2b.00054d21	user_options->optimized_kernel_enable	1
TOP.5e002b2b.00054d21	user_options->outfile_autohex	1
TOP.5e002b2b.00054d21	user_options->outfile_check_timer	5
TOP.5e002b2b.00054d21	user_options->outfile_format	1
TOP.5e002b2b.00054d21	user_options->wordlist_autohex_disable	0
TOP.5e002b2b.00054d21	user_options->potfile_disable	1
TOP.5e002b2b.00054d21	user_options->progress_only	0
TOP.5e002b2b.00054d21	user_options->quiet	0
TOP.5e002b2b.00054d21	user_options->remove	0
TOP.5e002b2b.00054d21	user_options->remove_timer	60
TOP.5e002b2b.00054d21	user_options->restore	0
TOP.5e002b2b.00054d21	user_options->restore_disable	0
TOP.5e002b2b.00054d21	user_options->restore_timer	60
TOP.5e002b2b.00054d21	user_options->rp_files_cnt	0
TOP.5e002b2b.00054d21	user_options->rp_gen	0
TOP.5e002b2b.00054d21	user_options->rp_gen_func_max	4
TOP.5e002b2b.00054d21	user_options->rp_gen_func_min	1
TOP.5e002b2b.00054d21	user_options->rp_gen_seed	0
TOP.5e002b2b.00054d21	user_options->runtime	0
TOP.5e002b2b.00054d21	user_options->scrypt_tmto	0
TOP.5e002b2b.00054d21	user_options->segment_size	33554432
TOP.5e002b2b.00054d21	user_options->self_test_disable	0
TOP.5e002b2b.00054d21	user_options->slow_candidates	0
TOP.5e002b2b.00054d21	user_options->show	0
TOP.5e002b2b.00054d21	user_options->speed_only	0
TOP.5e002b2b.00054d21	user_options->spin_damp	8
TOP.5e002b2b.00054d21	user_options->status	1
TOP.5e002b2b.00054d21	user_options->status_timer	60
TOP.5e002b2b.00054d21	user_options->stdout_flag	0
TOP.5e002b2b.00054d21	user_options->usage	0
TOP.5e002b2b.00054d21	user_options->username	0
TOP.5e002b2b.00054d21	user_options->veracrypt_pim	0
TOP.5e002b2b.00054d21	user_options->version	0
TOP.5e002b2b.00054d21	user_options->workload_profile	2
TOP.5e002b2b.00054d21	user_options->brain_client	0
TOP.5e002b2b.00054d21	user_options->brain_client_features	2
TOP.5e002b2b.00054d21	user_options->brain_server	0
TOP.5e002b2b.00054d21	user_options->brain_port	6863
TOP.5e002b2b.00054d21	user_options->brain_session	0
TOP.5e002b2b.00054d21	proc_start	1577069355
TOP.5e002b2b.00054d21	proc_stop	1577069355
TOP.5e002b2b.00054d21	STOP
TOP.5e002b7d.00048d82	START
TOP.5e002b7d.00048d82	user_options->separator	:
TOP.5e002b7d.00048d82	user_options->encoding_from	utf-8
TOP.5e002b7d.00048d82	user_options->encoding_to	utf-8
TOP.5e002b7d.00048d82	user_options->opencl_device_types	1
TOP.5e002b7d.00048d82	user_options->outfile	C:\Users\John\Downloads\portables\Hashcat\output\output.txt
TOP.5e002b7d.00048d82	user_options->rule_buf_l	:
TOP.5e002b7d.00048d82	user_options->rule_buf_r	:
TOP.5e002b7d.00048d82	user_options->session	2019-12-22
TOP.5e002b7d.00048d82	user_options->limit	0
TOP.5e002b7d.00048d82	user_options->skip	0
TOP.5e002b7d.00048d82	user_options->attack_mode	0
TOP.5e002b7d.00048d82	user_options->benchmark	0
TOP.5e002b7d.00048d82	user_options->benchmark_all	0
TOP.5e002b7d.00048d82	user_options->bitmap_max	18
TOP.5e002b7d.00048d82	user_options->bitmap_min	16
TOP.5e002b7d.00048d82	user_options->debug_mode	0
TOP.5e002b7d.00048d82	user_options->example_hashes	0
TOP.5e002b7d.00048d82	user_options->force	0
TOP.5e002b7d.00048d82	user_options->hwmon_disable	0
TOP.5e002b7d.00048d82	user_options->hwmon_temp_abort	90
TOP.5e002b7d.00048d82	user_options->hash_mode	2500
TOP.5e002b7d.00048d82	user_options->hex_charset	1
TOP.5e002b7d.00048d82	user_options->hex_salt	0
TOP.5e002b7d.00048d82	user_options->hex_wordlist	0
TOP.5e002b7d.00048d82	user_options->increment	0
TOP.5e002b7d.00048d82	user_options->increment_max	256
TOP.5e002b7d.00048d82	user_options->increment_min	1
TOP.5e002b7d.00048d82	user_options->keep_guessing	0
TOP.5e002b7d.00048d82	user_options->kernel_accel	0
TOP.5e002b7d.00048d82	user_options->kernel_loops	0
TOP.5e002b7d.00048d82	user_options->kernel_threads	0
TOP.5e002b7d.00048d82	user_options->keyspace	0
TOP.5e002b7d.00048d82	user_options->left	0
TOP.5e002b7d.00048d82	user_options->logfile_disable	0
TOP.5e002b7d.00048d82	user_options->loopback	0
TOP.5e002b7d.00048d82	user_options->machine_readable	0
TOP.5e002b7d.00048d82	user_options->markov_classic	0
TOP.5e002b7d.00048d82	user_options->markov_disable	0
TOP.5e002b7d.00048d82	user_options->markov_threshold	256
TOP.5e002b7d.00048d82	user_options->opencl_info	0
TOP.5e002b7d.00048d82	user_options->opencl_vector_width	0
TOP.5e002b7d.00048d82	user_options->optimized_kernel_enable	1
TOP.5e002b7d.00048d82	user_options->outfile_autohex	1
TOP.5e002b7d.00048d82	user_options->outfile_check_timer	5
TOP.5e002b7d.00048d82	user_options->outfile_format	1
TOP.5e002b7d.00048d82	user_options->wordlist_autohex_disable	0
TOP.5e002b7d.00048d82	user_options->potfile_disable	1
TOP.5e002b7d.00048d82	user_options->progress_only	0
TOP.5e002b7d.00048d82	user_options->quiet	0
TOP.5e002b7d.00048d82	user_options->remove	0
TOP.5e002b7d.00048d82	user_options->remove_timer	60
TOP.5e002b7d.00048d82	user_options->restore	0
TOP.5e002b7d.00048d82	user_options->restore_disable	0
TOP.5e002b7d.00048d82	user_options->restore_timer	60
TOP.5e002b7d.00048d82	user_options->rp_files_cnt	0
TOP.5e002b7d.00048d82	user_options->rp_gen	0
TOP.5e002b7d.00048d82	user_options->rp_gen_func_max	4
TOP.5e002b7d.00048d82	user_options->rp_gen_func_min	1
TOP.5e002b7d.00048d82	user_options->rp_gen_seed	0
TOP.5e002b7d.00048d82	user_options->runtime	0
TOP.5e002b7d.00048d82	user_options->scrypt_tmto	0
TOP.5e002b7d.00048d82	user_options->segment_size	33554432
TOP.5e002b7d.00048d82	user_options->self_test_disable	0
TOP.5e002b7d.00048d82	user_options->slow_candidates	0
TOP.5e002b7d.00048d82	user_options->show	0
TOP.5e002b7d.00048d82	user_options->speed_only	0
TOP.5e002b7d.00048d82	user_options->spin_damp	8
TOP.5e002b7d.00048d82	user_options->status	1
TOP.5e002b7d.00048d82	user_options->status_timer	60
TOP.5e002b7d.00048d82	user_options->stdout_flag	0
TOP.5e002b7d.00048d82	user_options->usage	0
TOP.5e002b7d.00048d82	user_options->username	0
TOP.5e002b7d.00048d82	user_options->veracrypt_pim	0
TOP.5e002b7d.00048d82	user_options->version	0
TOP.5e002b7d.00048d82	user_options->workload_profile	2
TOP.5e002b7d.00048d82	user_options->brain_client	0
TOP.5e002b7d.00048d82	user_options->brain_client_features	2
TOP.5e002b7d.00048d82	user_options->brain_server	0
TOP.5e002b7d.00048d82	user_options->brain_port	6863
TOP.5e002b7d.00048d82	user_options->brain_session	0
TOP.5e002b7d.00048d82	hashes->hashfile	C:\Users\John\Downloads\Portables\Hashcat\hashes\18303_1577069277.hccapx
TOP.5e002b7d.00048d82	hashes->hashlist_mode	4
TOP.5e002b7d.00048d82	hashes->hashlist_format	0
TOP.5e002b7d.00048d82	hashes->hashes_cnt	0
TOP.5e002b7d.00048d82	hashes->digests_cnt	1
TOP.5e002b7d.00048d82	hashes->digests_done	0
TOP.5e002b7d.00048d82	hashes->salts_cnt	1
TOP.5e002b7d.00048d82	hashes->salts_done	0
TOP.5e002b7d.00048d82	proc_start	1577069437
TOP.5e002b7d.00048d82	proc_stop	1577069443
TOP.5e002b7d.00048d82	STOP
TOP.5e002c31.0009aa1d	START
TOP.5e002c31.0009aa1d	user_options->separator	:
TOP.5e002c31.0009aa1d	user_options->encoding_from	utf-8
TOP.5e002c31.0009aa1d	user_options->encoding_to	utf-8
TOP.5e002c31.0009aa1d	user_options->opencl_device_types	1
TOP.5e002c31.0009aa1d	user_options->outfile	C:\Users\John\Downloads\portables\Hashcat\output\output.txt
TOP.5e002c31.0009aa1d	user_options->rule_buf_l	:
TOP.5e002c31.0009aa1d	user_options->rule_buf_r	:
TOP.5e002c31.0009aa1d	user_options->session	2019-12-22
TOP.5e002c31.0009aa1d	user_options->limit	0
TOP.5e002c31.0009aa1d	user_options->skip	0
TOP.5e002c31.0009aa1d	user_options->attack_mode	0
TOP.5e002c31.0009aa1d	user_options->benchmark	0
TOP.5e002c31.0009aa1d	user_options->benchmark_all	0
TOP.5e002c31.0009aa1d	user_options->bitmap_max	18
TOP.5e002c31.0009aa1d	user_options->bitmap_min	16
TOP.5e002c31.0009aa1d	user_options->debug_mode	0
TOP.5e002c31.0009aa1d	user_options->example_hashes	0
TOP.5e002c31.0009aa1d	user_options->force	0
TOP.5e002c31.0009aa1d	user_options->hwmon_disable	0
TOP.5e002c31.0009aa1d	user_options->hwmon_temp_abort	90
TOP.5e002c31.0009aa1d	user_options->hash_mode	2500
TOP.5e002c31.0009aa1d	user_options->hex_charset	1
TOP.5e002c31.0009aa1d	user_options->hex_salt	0
TOP.5e002c31.0009aa1d	user_options->hex_wordlist	0
TOP.5e002c31.0009aa1d	user_options->increment	0
TOP.5e002c31.0009aa1d	user_options->increment_max	256
TOP.5e002c31.0009aa1d	user_options->increment_min	1
TOP.5e002c31.0009aa1d	user_options->keep_guessing	0
TOP.5e002c31.0009aa1d	user_options->kernel_accel	0
TOP.5e002c31.0009aa1d	user_options->kernel_loops	0
TOP.5e002c31.0009aa1d	user_options->kernel_threads	0
TOP.5e002c31.0009aa1d	user_options->keyspace	0
TOP.5e002c31.0009aa1d	user_options->left	0
TOP.5e002c31.0009aa1d	user_options->logfile_disable	0
TOP.5e002c31.0009aa1d	user_options->loopback	0
TOP.5e002c31.0009aa1d	user_options->machine_readable	0
TOP.5e002c31.0009aa1d	user_options->markov_classic	0
TOP.5e002c31.0009aa1d	user_options->markov_disable	0
TOP.5e002c31.0009aa1d	user_options->markov_threshold	256
TOP.5e002c31.0009aa1d	user_options->opencl_info	0
TOP.5e002c31.0009aa1d	user_options->opencl_vector_width	0
TOP.5e002c31.0009aa1d	user_options->optimized_kernel_enable	1
TOP.5e002c31.0009aa1d	user_options->outfile_autohex	1
TOP.5e002c31.0009aa1d	user_options->outfile_check_timer	5
TOP.5e002c31.0009aa1d	user_options->outfile_format	1
TOP.5e002c31.0009aa1d	user_options->wordlist_autohex_disable	0
TOP.5e002c31.0009aa1d	user_options->potfile_disable	1
TOP.5e002c31.0009aa1d	user_options->progress_only	0
TOP.5e002c31.0009aa1d	user_options->quiet	0
TOP.5e002c31.0009aa1d	user_options->remove	0
TOP.5e002c31.0009aa1d	user_options->remove_timer	60
TOP.5e002c31.0009aa1d	user_options->restore	0
TOP.5e002c31.0009aa1d	user_options->restore_disable	0
TOP.5e002c31.0009aa1d	user_options->restore_timer	60
TOP.5e002c31.0009aa1d	user_options->rp_files_cnt	0
TOP.5e002c31.0009aa1d	user_options->rp_gen	0
TOP.5e002c31.0009aa1d	user_options->rp_gen_func_max	4
TOP.5e002c31.0009aa1d	user_options->rp_gen_func_min	1
TOP.5e002c31.0009aa1d	user_options->rp_gen_seed	0
TOP.5e002c31.0009aa1d	user_options->runtime	0
TOP.5e002c31.0009aa1d	user_options->scrypt_tmto	0
TOP.5e002c31.0009aa1d	user_options->segment_size	33554432
TOP.5e002c31.0009aa1d	user_options->self_test_disable	0
TOP.5e002c31.0009aa1d	user_options->slow_candidates	0
TOP.5e002c31.0009aa1d	user_options->show	0
TOP.5e002c31.0009aa1d	user_options->speed_only	0
TOP.5e002c31.0009aa1d	user_options->spin_damp	8
TOP.5e002c31.0009aa1d	user_options->status	1
TOP.5e002c31.0009aa1d	user_options->status_timer	60
TOP.5e002c31.0009aa1d	user_options->stdout_flag	0
TOP.5e002c31.0009aa1d	user_options->usage	0
TOP.5e002c31.0009aa1d	user_options->username	0
TOP.5e002c31.0009aa1d	user_options->veracrypt_pim	0
TOP.5e002c31.0009aa1d	user_options->version	0
TOP.5e002c31.0009aa1d	user_options->workload_profile	2
TOP.5e002c31.0009aa1d	user_options->brain_client	0
TOP.5e002c31.0009aa1d	user_options->brain_client_features	2
TOP.5e002c31.0009aa1d	user_options->brain_server	0
TOP.5e002c31.0009aa1d	user_options->brain_port	6863
TOP.5e002c31.0009aa1d	user_options->brain_session	0
TOP.5e002c31.0009aa1d	hashes->hashfile	C:\Users\John\Downloads\Portables\Hashcat\hashes\18303_1577069277.hccapx
TOP.5e002c31.0009aa1d	hashes->hashlist_mode	4
TOP.5e002c31.0009aa1d	hashes->hashlist_format	0
TOP.5e002c31.0009aa1d	hashes->hashes_cnt	0
TOP.5e002c31.0009aa1d	hashes->digests_cnt	1
TOP.5e002c31.0009aa1d	hashes->digests_done	0
TOP.5e002c31.0009aa1d	hashes->salts_cnt	1
TOP.5e002c31.0009aa1d	hashes->salts_done	0
TOP.5e002c31.0009aa1d	proc_start	1577069617
TOP.5e002c31.0009aa1d	proc_stop	1577069619
TOP.5e002c31.0009aa1d	STOP
TOP.5e002cc4.000d5de9	START
TOP.5e002cc4.000d5de9	user_options->separator	:
TOP.5e002cc4.000d5de9	user_options->encoding_from	utf-8
TOP.5e002cc4.000d5de9	user_options->encoding_to	utf-8
TOP.5e002cc4.000d5de9	user_options->opencl_device_types	1
TOP.5e002cc4.000d5de9	user_options->outfile	C:\Users\John\Downloads\portables\Hashcat\output\output.txt
TOP.5e002cc4.000d5de9	user_options->rule_buf_l	:
TOP.5e002cc4.000d5de9	user_options->rule_buf_r	:
TOP.5e002cc4.000d5de9	user_options->session	2019-12-22
TOP.5e002cc4.000d5de9	user_options->limit	0
TOP.5e002cc4.000d5de9	user_options->skip	0
TOP.5e002cc4.000d5de9	user_options->attack_mode	0
TOP.5e002cc4.000d5de9	user_options->benchmark	0
TOP.5e002cc4.000d5de9	user_options->benchmark_all	0
TOP.5e002cc4.000d5de9	user_options->bitmap_max	18
TOP.5e002cc4.000d5de9	user_options->bitmap_min	16
TOP.5e002cc4.000d5de9	user_options->debug_mode	0
TOP.5e002cc4.000d5de9	user_options->example_hashes	0
TOP.5e002cc4.000d5de9	user_options->force	0
TOP.5e002cc4.000d5de9	user_options->hwmon_disable	0
TOP.5e002cc4.000d5de9	user_options->hwmon_temp_abort	90
TOP.5e002cc4.000d5de9	user_options->hash_mode	2500
TOP.5e002cc4.000d5de9	user_options->hex_charset	1
TOP.5e002cc4.000d5de9	user_options->hex_salt	0
TOP.5e002cc4.000d5de9	user_options->hex_wordlist	0
TOP.5e002cc4.000d5de9	user_options->increment	0
TOP.5e002cc4.000d5de9	user_options->increment_max	256
TOP.5e002cc4.000d5de9	user_options->increment_min	1
TOP.5e002cc4.000d5de9	user_options->keep_guessing	0
TOP.5e002cc4.000d5de9	user_options->kernel_accel	0
TOP.5e002cc4.000d5de9	user_options->kernel_loops	0
TOP.5e002cc4.000d5de9	user_options->kernel_threads	0
TOP.5e002cc4.000d5de9	user_options->keyspace	0
TOP.5e002cc4.000d5de9	user_options->left	0
TOP.5e002cc4.000d5de9	user_options->logfile_disable	0
TOP.5e002cc4.000d5de9	user_options->loopback	0
TOP.5e002cc4.000d5de9	user_options->machine_readable	0
TOP.5e002cc4.000d5de9	user_options->markov_classic	0
TOP.5e002cc4.000d5de9	user_options->markov_disable	0
TOP.5e002cc4.000d5de9	user_options->markov_threshold	256
TOP.5e002cc4.000d5de9	user_options->opencl_info	0
TOP.5e002cc4.000d5de9	user_options->opencl_vector_width	0
TOP.5e002cc4.000d5de9	user_options->optimized_kernel_enable	1
TOP.5e002cc4.000d5de9	user_options->outfile_autohex	1
TOP.5e002cc4.000d5de9	user_options->outfile_check_timer	5
TOP.5e002cc4.000d5de9	user_options->outfile_format	1
TOP.5e002cc4.000d5de9	user_options->wordlist_autohex_disable	0
TOP.5e002cc4.000d5de9	user_options->potfile_disable	1
TOP.5e002cc4.000d5de9	user_options->progress_only	0
TOP.5e002cc4.000d5de9	user_options->quiet	0
TOP.5e002cc4.000d5de9	user_options->remove	0
TOP.5e002cc4.000d5de9	user_options->remove_timer	60
TOP.5e002cc4.000d5de9	user_options->restore	0
TOP.5e002cc4.000d5de9	user_options->restore_disable	0
TOP.5e002cc4.000d5de9	user_options->restore_timer	60
TOP.5e002cc4.000d5de9	user_options->rp_files_cnt	0
TOP.5e002cc4.000d5de9	user_options->rp_gen	0
TOP.5e002cc4.000d5de9	user_options->rp_gen_func_max	4
TOP.5e002cc4.000d5de9	user_options->rp_gen_func_min	1
TOP.5e002cc4.000d5de9	user_options->rp_gen_seed	0
TOP.5e002cc4.000d5de9	user_options->runtime	0
TOP.5e002cc4.000d5de9	user_options->scrypt_tmto	0
TOP.5e002cc4.000d5de9	user_options->segment_size	33554432
TOP.5e002cc4.000d5de9	user_options->self_test_disable	0
TOP.5e002cc4.000d5de9	user_options->slow_candidates	0
TOP.5e002cc4.000d5de9	user_options->show	0
TOP.5e002cc4.000d5de9	user_options->speed_only	0
TOP.5e002cc4.000d5de9	user_options->spin_damp	8
TOP.5e002cc4.000d5de9	user_options->status	1
TOP.5e002cc4.000d5de9	user_options->status_timer	60
TOP.5e002cc4.000d5de9	user_options->stdout_flag	0
TOP.5e002cc4.000d5de9	user_options->usage	0
TOP.5e002cc4.000d5de9	user_options->username	0
TOP.5e002cc4.000d5de9	user_options->veracrypt_pim	0
TOP.5e002cc4.000d5de9	user_options->version	0
TOP.5e002cc4.000d5de9	user_options->workload_profile	2
TOP.5e002cc4.000d5de9	user_options->brain_client	0
TOP.5e002cc4.000d5de9	user_options->brain_client_features	2
TOP.5e002cc4.000d5de9	user_options->brain_server	0
TOP.5e002cc4.000d5de9	user_options->brain_port	6863
TOP.5e002cc4.000d5de9	user_options->brain_session	0
TOP.5e002cc4.000d5de9	hashes->hashfile	C:\Users\John\Downloads\Portables\Hashcat\hashes\183031577069277.hccapx
TOP.5e002cc4.000d5de9	hashes->hashlist_mode	4
TOP.5e002cc4.000d5de9	hashes->hashlist_format	0
TOP.5e002cc4.000d5de9	hashes->hashes_cnt	0
TOP.5e002cc4.000d5de9	hashes->digests_cnt	1
TOP.5e002cc4.000d5de9	hashes->digests_done	0
TOP.5e002cc4.000d5de9	hashes->salts_cnt	1
TOP.5e002cc4.000d5de9	hashes->salts_done	0
TOP.5e002cc4.000d5de9	proc_start	1577069764
TOP.5e002cc4.000d5de9	proc_stop	1577069767
TOP.5e002cc4.000d5de9	STOP
TOP.5e002d21.000afe1a	START
TOP.5e002d21.000afe1a	user_options->separator	:
TOP.5e002d21.000afe1a	user_options->encoding_from	utf-8
TOP.5e002d21.000afe1a	user_options->encoding_to	utf-8
TOP.5e002d21.000afe1a	user_options->opencl_device_types	1
TOP.5e002d21.000afe1a	user_options->outfile	C:\Users\John\Downloads\portables\Hashcat\output\output.txt
TOP.5e002d21.000afe1a	user_options->rule_buf_l	:
TOP.5e002d21.000afe1a	user_options->rule_buf_r	:
TOP.5e002d21.000afe1a	user_options->session	2019-12-22
TOP.5e002d21.000afe1a	user_options->limit	0
TOP.5e002d21.000afe1a	user_options->skip	0
TOP.5e002d21.000afe1a	user_options->attack_mode	0
TOP.5e002d21.000afe1a	user_options->benchmark	0
TOP.5e002d21.000afe1a	user_options->benchmark_all	0
TOP.5e002d21.000afe1a	user_options->bitmap_max	18
TOP.5e002d21.000afe1a	user_options->bitmap_min	16
TOP.5e002d21.000afe1a	user_options->debug_mode	0
TOP.5e002d21.000afe1a	user_options->example_hashes	0
TOP.5e002d21.000afe1a	user_options->force	0
TOP.5e002d21.000afe1a	user_options->hwmon_disable	0
TOP.5e002d21.000afe1a	user_options->hwmon_temp_abort	90
TOP.5e002d21.000afe1a	user_options->hash_mode	2500
TOP.5e002d21.000afe1a	user_options->hex_charset	1
TOP.5e002d21.000afe1a	user_options->hex_salt	0
TOP.5e002d21.000afe1a	user_options->hex_wordlist	0
TOP.5e002d21.000afe1a	user_options->increment	0
TOP.5e002d21.000afe1a	user_options->increment_max	256
TOP.5e002d21.000afe1a	user_options->increment_min	1
TOP.5e002d21.000afe1a	user_options->keep_guessing	0
TOP.5e002d21.000afe1a	user_options->kernel_accel	0
TOP.5e002d21.000afe1a	user_options->kernel_loops	0
TOP.5e002d21.000afe1a	user_options->kernel_threads	0
TOP.5e002d21.000afe1a	user_options->keyspace	0
TOP.5e002d21.000afe1a	user_options->left	0
TOP.5e002d21.000afe1a	user_options->logfile_disable	0
TOP.5e002d21.000afe1a	user_options->loopback	0
TOP.5e002d21.000afe1a	user_options->machine_readable	0
TOP.5e002d21.000afe1a	user_options->markov_classic	0
TOP.5e002d21.000afe1a	user_options->markov_disable	0
TOP.5e002d21.000afe1a	user_options->markov_threshold	256
TOP.5e002d21.000afe1a	user_options->opencl_info	0
TOP.5e002d21.000afe1a	user_options->opencl_vector_width	0
TOP.5e002d21.000afe1a	user_options->optimized_kernel_enable	1
TOP.5e002d21.000afe1a	user_options->outfile_autohex	1
TOP.5e002d21.000afe1a	user_options->outfile_check_timer	5
TOP.5e002d21.000afe1a	user_options->outfile_format	1
TOP.5e002d21.000afe1a	user_options->wordlist_autohex_disable	0
TOP.5e002d21.000afe1a	user_options->potfile_disable	1
TOP.5e002d21.000afe1a	user_options->progress_only	0
TOP.5e002d21.000afe1a	user_options->quiet	0
TOP.5e002d21.000afe1a	user_options->remove	0
TOP.5e002d21.000afe1a	user_options->remove_timer	60
TOP.5e002d21.000afe1a	user_options->restore	0
TOP.5e002d21.000afe1a	user_options->restore_disable	0
TOP.5e002d21.000afe1a	user_options->restore_timer	60
TOP.5e002d21.000afe1a	user_options->rp_files_cnt	0
TOP.5e002d21.000afe1a	user_options->rp_gen	0
TOP.5e002d21.000afe1a	user_options->rp_gen_func_max	4
TOP.5e002d21.000afe1a	user_options->rp_gen_func_min	1
TOP.5e002d21.000afe1a	user_options->rp_gen_seed	0
TOP.5e002d21.000afe1a	user_options->runtime	0
TOP.5e002d21.000afe1a	user_options->scrypt_tmto	0
TOP.5e002d21.000afe1a	user_options->segment_size	33554432
TOP.5e002d21.000afe1a	user_options->self_test_disable	0
TOP.5e002d21.000afe1a	user_options->slow_candidates	0
TOP.5e002d21.000afe1a	user_options->show	0
TOP.5e002d21.000afe1a	user_options->speed_only	0
TOP.5e002d21.000afe1a	user_options->spin_damp	8
TOP.5e002d21.000afe1a	user_options->status	1
TOP.5e002d21.000afe1a	user_options->status_timer	60
TOP.5e002d21.000afe1a	user_options->stdout_flag	0
TOP.5e002d21.000afe1a	user_options->usage	0
TOP.5e002d21.000afe1a	user_options->username	0
TOP.5e002d21.000afe1a	user_options->veracrypt_pim	0
TOP.5e002d21.000afe1a	user_options->version	0
TOP.5e002d21.000afe1a	user_options->workload_profile	2
TOP.5e002d21.000afe1a	user_options->brain_client	0
TOP.5e002d21.000afe1a	user_options->brain_client_features	2
TOP.5e002d21.000afe1a	user_options->brain_server	0
TOP.5e002d21.000afe1a	user_options->brain_port	6863
TOP.5e002d21.000afe1a	user_options->brain_session	0
TOP.5e002d21.000afe1a	hashes->hashfile	C:\Users\John\Downloads\Portables\Hashcat\hashes\183031577069277.hccapx
TOP.5e002d21.000afe1a	hashes->hashlist_mode	4
TOP.5e002d21.000afe1a	hashes->hashlist_format	0
TOP.5e002d21.000afe1a	hashes->hashes_cnt	0
TOP.5e002d21.000afe1a	hashes->digests_cnt	1
TOP.5e002d21.000afe1a	hashes->digests_done	0
TOP.5e002d21.000afe1a	hashes->salts_cnt	1
TOP.5e002d21.000afe1a	hashes->salts_done	0
TOP.5e002d21.000afe1a	proc_start	1577069857
TOP.5e002d21.000afe1a	proc_stop	1577069859
TOP.5e002d21.000afe1a	STOP
TOP.5e002d47.000ac897	START
TOP.5e002d47.000ac897	user_options->separator	:
TOP.5e002d47.000ac897	user_options->encoding_from	utf-8
TOP.5e002d47.000ac897	user_options->encoding_to	utf-8
TOP.5e002d47.000ac897	user_options->opencl_device_types	1
TOP.5e002d47.000ac897	user_options->outfile	C:\Users\John\Downloads\portables\Hashcat\output\output.txt
TOP.5e002d47.000ac897	user_options->rule_buf_l	:
TOP.5e002d47.000ac897	user_options->rule_buf_r	:
TOP.5e002d47.000ac897	user_options->session	2019-12-22
TOP.5e002d47.000ac897	user_options->limit	0
TOP.5e002d47.000ac897	user_options->skip	0
TOP.5e002d47.000ac897	user_options->attack_mode	0
TOP.5e002d47.000ac897	user_options->benchmark	0
TOP.5e002d47.000ac897	user_options->benchmark_all	0
TOP.5e002d47.000ac897	user_options->bitmap_max	18
TOP.5e002d47.000ac897	user_options->bitmap_min	16
TOP.5e002d47.000ac897	user_options->debug_mode	0
TOP.5e002d47.000ac897	user_options->example_hashes	0
TOP.5e002d47.000ac897	user_options->force	0
TOP.5e002d47.000ac897	user_options->hwmon_disable	0
TOP.5e002d47.000ac897	user_options->hwmon_temp_abort	90
TOP.5e002d47.000ac897	user_options->hash_mode	2500
TOP.5e002d47.000ac897	user_options->hex_charset	1
TOP.5e002d47.000ac897	user_options->hex_salt	0
TOP.5e002d47.000ac897	user_options->hex_wordlist	0
TOP.5e002d47.000ac897	user_options->increment	0
TOP.5e002d47.000ac897	user_options->increment_max	256
TOP.5e002d47.000ac897	user_options->increment_min	1
TOP.5e002d47.000ac897	user_options->keep_guessing	0
TOP.5e002d47.000ac897	user_options->kernel_accel	0
TOP.5e002d47.000ac897	user_options->kernel_loops	0
TOP.5e002d47.000ac897	user_options->kernel_threads	0
TOP.5e002d47.000ac897	user_options->keyspace	0
TOP.5e002d47.000ac897	user_options->left	0
TOP.5e002d47.000ac897	user_options->logfile_disable	0
TOP.5e002d47.000ac897	user_options->loopback	0
TOP.5e002d47.000ac897	user_options->machine_readable	0
TOP.5e002d47.000ac897	user_options->markov_classic	0
TOP.5e002d47.000ac897	user_options->markov_disable	0
TOP.5e002d47.000ac897	user_options->markov_threshold	256
TOP.5e002d47.000ac897	user_options->opencl_info	0
TOP.5e002d47.000ac897	user_options->opencl_vector_width	0
TOP.5e002d47.000ac897	user_options->optimized_kernel_enable	1
TOP.5e002d47.000ac897	user_options->outfile_autohex	1
TOP.5e002d47.000ac897	user_options->outfile_check_timer	5
TOP.5e002d47.000ac897	user_options->outfile_format	1
TOP.5e002d47.000ac897	user_options->wordlist_autohex_disable	0
TOP.5e002d47.000ac897	user_options->potfile_disable	1
TOP.5e002d47.000ac897	user_options->progress_only	0
TOP.5e002d47.000ac897	user_options->quiet	0
TOP.5e002d47.000ac897	user_options->remove	0
TOP.5e002d47.000ac897	user_options->remove_timer	60
TOP.5e002d47.000ac897	user_options->restore	0
TOP.5e002d47.000ac897	user_options->restore_disable	0
TOP.5e002d47.000ac897	user_options->restore_timer	60
TOP.5e002d47.000ac897	user_options->rp_files_cnt	0
TOP.5e002d47.000ac897	user_options->rp_gen	0
TOP.5e002d47.000ac897	user_options->rp_gen_func_max	4
TOP.5e002d47.000ac897	user_options->rp_gen_func_min	1
TOP.5e002d47.000ac897	user_options->rp_gen_seed	0
TOP.5e002d47.000ac897	user_options->runtime	0
TOP.5e002d47.000ac897	user_options->scrypt_tmto	0
TOP.5e002d47.000ac897	user_options->segment_size	33554432
TOP.5e002d47.000ac897	user_options->self_test_disable	0
TOP.5e002d47.000ac897	user_options->slow_candidates	0
TOP.5e002d47.000ac897	user_options->show	0
TOP.5e002d47.000ac897	user_options->speed_only	0
TOP.5e002d47.000ac897	user_options->spin_damp	8
TOP.5e002d47.000ac897	user_options->status	1
TOP.5e002d47.000ac897	user_options->status_timer	60
TOP.5e002d47.000ac897	user_options->stdout_flag	0
TOP.5e002d47.000ac897	user_options->usage	0
TOP.5e002d47.000ac897	user_options->username	0
TOP.5e002d47.000ac897	user_options->veracrypt_pim	0
TOP.5e002d47.000ac897	user_options->version	0
TOP.5e002d47.000ac897	user_options->workload_profile	2
TOP.5e002d47.000ac897	user_options->brain_client	0
TOP.5e002d47.000ac897	user_options->brain_client_features	2
TOP.5e002d47.000ac897	user_options->brain_server	0
TOP.5e002d47.000ac897	user_options->brain_port	6863
TOP.5e002d47.000ac897	user_options->brain_session	0
TOP.5e002d47.000ac897	hashes->hashfile	C:\Users\John\Downloads\Portables\Hashcat\hashes\183031577069277.hccapx
TOP.5e002d47.000ac897	hashes->hashlist_mode	4
TOP.5e002d47.000ac897	hashes->hashlist_format	0
TOP.5e002d47.000ac897	hashes->hashes_cnt	0
TOP.5e002d47.000ac897	hashes->digests_cnt	1
TOP.5e002d47.000ac897	hashes->digests_done	0
TOP.5e002d47.000ac897	hashes->salts_cnt	1
TOP.5e002d47.000ac897	hashes->salts_done	0
TOP.5e002d47.000ac897	proc_start	1577069895
TOP.5e002d47.000ac897	proc_stop	1577069897
TOP.5e002d47.000ac897	STOP
TOP.5e002d68.000ef2cd	START
TOP.5e002d68.000ef2cd	user_options->separator	:
TOP.5e002d68.000ef2cd	user_options->encoding_from	utf-8
TOP.5e002d68.000ef2cd	user_options->encoding_to	utf-8
TOP.5e002d68.000ef2cd	user_options->opencl_device_types	1
TOP.5e002d68.000ef2cd	user_options->outfile	C:\Users\John\Downloads\portables\Hashcat\output\output.txt
TOP.5e002d68.000ef2cd	user_options->rule_buf_l	:
TOP.5e002d68.000ef2cd	user_options->rule_buf_r	:
TOP.5e002d68.000ef2cd	user_options->session	2019-12-22
TOP.5e002d68.000ef2cd	user_options->limit	0
TOP.5e002d68.000ef2cd	user_options->skip	0
TOP.5e002d68.000ef2cd	user_options->attack_mode	0
TOP.5e002d68.000ef2cd	user_options->benchmark	0
TOP.5e002d68.000ef2cd	user_options->benchmark_all	0
TOP.5e002d68.000ef2cd	user_options->bitmap_max	18
TOP.5e002d68.000ef2cd	user_options->bitmap_min	16
TOP.5e002d68.000ef2cd	user_options->debug_mode	0
TOP.5e002d68.000ef2cd	user_options->example_hashes	0
TOP.5e002d68.000ef2cd	user_options->force	1
TOP.5e002d68.000ef2cd	user_options->hwmon_disable	0
TOP.5e002d68.000ef2cd	user_options->hwmon_temp_abort	90
TOP.5e002d68.000ef2cd	user_options->hash_mode	2500
TOP.5e002d68.000ef2cd	user_options->hex_charset	1
TOP.5e002d68.000ef2cd	user_options->hex_salt	0
TOP.5e002d68.000ef2cd	user_options->hex_wordlist	0
TOP.5e002d68.000ef2cd	user_options->increment	0
TOP.5e002d68.000ef2cd	user_options->increment_max	256
TOP.5e002d68.000ef2cd	user_options->increment_min	1
TOP.5e002d68.000ef2cd	user_options->keep_guessing	0
TOP.5e002d68.000ef2cd	user_options->kernel_accel	0
TOP.5e002d68.000ef2cd	user_options->kernel_loops	0
TOP.5e002d68.000ef2cd	user_options->kernel_threads	0
TOP.5e002d68.000ef2cd	user_options->keyspace	0
TOP.5e002d68.000ef2cd	user_options->left	0
TOP.5e002d68.000ef2cd	user_options->logfile_disable	0
TOP.5e002d68.000ef2cd	user_options->loopback	0
TOP.5e002d68.000ef2cd	user_options->machine_readable	0
TOP.5e002d68.000ef2cd	user_options->markov_classic	0
TOP.5e002d68.000ef2cd	user_options->markov_disable	0
TOP.5e002d68.000ef2cd	user_options->markov_threshold	256
TOP.5e002d68.000ef2cd	user_options->opencl_info	0
TOP.5e002d68.000ef2cd	user_options->opencl_vector_width	0
TOP.5e002d68.000ef2cd	user_options->optimized_kernel_enable	1
TOP.5e002d68.000ef2cd	user_options->outfile_autohex	1
TOP.5e002d68.000ef2cd	user_options->outfile_check_timer	5
TOP.5e002d68.000ef2cd	user_options->outfile_format	1
TOP.5e002d68.000ef2cd	user_options->wordlist_autohex_disable	0
TOP.5e002d68.000ef2cd	user_options->potfile_disable	1
TOP.5e002d68.000ef2cd	user_options->progress_only	0
TOP.5e002d68.000ef2cd	user_options->quiet	0
TOP.5e002d68.000ef2cd	user_options->remove	0
TOP.5e002d68.000ef2cd	user_options->remove_timer	60
TOP.5e002d68.000ef2cd	user_options->restore	0
TOP.5e002d68.000ef2cd	user_options->restore_disable	0
TOP.5e002d68.000ef2cd	user_options->restore_timer	60
TOP.5e002d68.000ef2cd	user_options->rp_files_cnt	0
TOP.5e002d68.000ef2cd	user_options->rp_gen	0
TOP.5e002d68.000ef2cd	user_options->rp_gen_func_max	4
TOP.5e002d68.000ef2cd	user_options->rp_gen_func_min	1
TOP.5e002d68.000ef2cd	user_options->rp_gen_seed	0
TOP.5e002d68.000ef2cd	user_options->runtime	0
TOP.5e002d68.000ef2cd	user_options->scrypt_tmto	0
TOP.5e002d68.000ef2cd	user_options->segment_size	33554432
TOP.5e002d68.000ef2cd	user_options->self_test_disable	0
TOP.5e002d68.000ef2cd	user_options->slow_candidates	0
TOP.5e002d68.000ef2cd	user_options->show	0
TOP.5e002d68.000ef2cd	user_options->speed_only	0
TOP.5e002d68.000ef2cd	user_options->spin_damp	8
TOP.5e002d68.000ef2cd	user_options->status	1
TOP.5e002d68.000ef2cd	user_options->status_timer	60
TOP.5e002d68.000ef2cd	user_options->stdout_flag	0
TOP.5e002d68.000ef2cd	user_options->usage	0
TOP.5e002d68.000ef2cd	user_options->username	0
TOP.5e002d68.000ef2cd	user_options->veracrypt_pim	0
TOP.5e002d68.000ef2cd	user_options->version	0
TOP.5e002d68.000ef2cd	user_options->workload_profile	2
TOP.5e002d68.000ef2cd	user_options->brain_client	0
TOP.5e002d68.000ef2cd	user_options->brain_client_features	2
TOP.5e002d68.000ef2cd	user_options->brain_server	0
TOP.5e002d68.000ef2cd	user_options->brain_port	6863
TOP.5e002d68.000ef2cd	user_options->brain_session	0
TOP.5e002d68.000ef2cd	hashes->hashfile	C:\Users\John\Downloads\Portables\Hashcat\hashes\183031577069277.hccapx
TOP.5e002d68.000ef2cd	hashes->hashlist_mode	4
TOP.5e002d68.000ef2cd	hashes->hashlist_format	0
TOP.5e002d68.000ef2cd	hashes->hashes_cnt	0
TOP.5e002d68.000ef2cd	hashes->digests_cnt	1
TOP.5e002d68.000ef2cd	hashes->digests_done	0
TOP.5e002d68.000ef2cd	hashes->salts_cnt	1
TOP.5e002d68.000ef2cd	hashes->salts_done	0
TOP.5e002d68.000ef2cd	proc_start	1577069928
TOP.5e002d68.000ef2cd	proc_stop	1577069931
TOP.5e002d68.000ef2cd	STOP
TOP.5e002d9a.00046b4b	START
TOP.5e002d9a.00046b4b	user_options->separator	:
TOP.5e002d9a.00046b4b	user_options->encoding_from	utf-8
TOP.5e002d9a.00046b4b	user_options->encoding_to	utf-8
TOP.5e002d9a.00046b4b	user_options->opencl_device_types	1
TOP.5e002d9a.00046b4b	user_options->outfile	C:\Users\John\Downloads\portables\Hashcat\output\output.txt
TOP.5e002d9a.00046b4b	user_options->rule_buf_l	:
TOP.5e002d9a.00046b4b	user_options->rule_buf_r	:
TOP.5e002d9a.00046b4b	user_options->session	2019-12-22
TOP.5e002d9a.00046b4b	user_options->limit	0
TOP.5e002d9a.00046b4b	user_options->skip	0
TOP.5e002d9a.00046b4b	user_options->attack_mode	0
TOP.5e002d9a.00046b4b	user_options->benchmark	0
TOP.5e002d9a.00046b4b	user_options->benchmark_all	0
TOP.5e002d9a.00046b4b	user_options->bitmap_max	18
TOP.5e002d9a.00046b4b	user_options->bitmap_min	16
TOP.5e002d9a.00046b4b	user_options->debug_mode	0
TOP.5e002d9a.00046b4b	user_options->example_hashes	0
TOP.5e002d9a.00046b4b	user_options->force	1
TOP.5e002d9a.00046b4b	user_options->hwmon_disable	0
TOP.5e002d9a.00046b4b	user_options->hwmon_temp_abort	90
TOP.5e002d9a.00046b4b	user_options->hash_mode	2500
TOP.5e002d9a.00046b4b	user_options->hex_charset	1
TOP.5e002d9a.00046b4b	user_options->hex_salt	0
TOP.5e002d9a.00046b4b	user_options->hex_wordlist	0
TOP.5e002d9a.00046b4b	user_options->increment	0
TOP.5e002d9a.00046b4b	user_options->increment_max	256
TOP.5e002d9a.00046b4b	user_options->increment_min	1
TOP.5e002d9a.00046b4b	user_options->keep_guessing	0
TOP.5e002d9a.00046b4b	user_options->kernel_accel	0
TOP.5e002d9a.00046b4b	user_options->kernel_loops	0
TOP.5e002d9a.00046b4b	user_options->kernel_threads	0
TOP.5e002d9a.00046b4b	user_options->keyspace	0
TOP.5e002d9a.00046b4b	user_options->left	0
TOP.5e002d9a.00046b4b	user_options->logfile_disable	0
TOP.5e002d9a.00046b4b	user_options->loopback	0
TOP.5e002d9a.00046b4b	user_options->machine_readable	0
TOP.5e002d9a.00046b4b	user_options->markov_classic	0
TOP.5e002d9a.00046b4b	user_options->markov_disable	0
TOP.5e002d9a.00046b4b	user_options->markov_threshold	256
TOP.5e002d9a.00046b4b	user_options->opencl_info	0
TOP.5e002d9a.00046b4b	user_options->opencl_vector_width	0
TOP.5e002d9a.00046b4b	user_options->optimized_kernel_enable	1
TOP.5e002d9a.00046b4b	user_options->outfile_autohex	1
TOP.5e002d9a.00046b4b	user_options->outfile_check_timer	5
TOP.5e002d9a.00046b4b	user_options->outfile_format	1
TOP.5e002d9a.00046b4b	user_options->wordlist_autohex_disable	0
TOP.5e002d9a.00046b4b	user_options->potfile_disable	1
TOP.5e002d9a.00046b4b	user_options->progress_only	0
TOP.5e002d9a.00046b4b	user_options->quiet	0
TOP.5e002d9a.00046b4b	user_options->remove	0
TOP.5e002d9a.00046b4b	user_options->remove_timer	60
TOP.5e002d9a.00046b4b	user_options->restore	0
TOP.5e002d9a.00046b4b	user_options->restore_disable	0
TOP.5e002d9a.00046b4b	user_options->restore_timer	60
TOP.5e002d9a.00046b4b	user_options->rp_files_cnt	0
TOP.5e002d9a.00046b4b	user_options->rp_gen	0
TOP.5e002d9a.00046b4b	user_options->rp_gen_func_max	4
TOP.5e002d9a.00046b4b	user_options->rp_gen_func_min	1
TOP.5e002d9a.00046b4b	user_options->rp_gen_seed	0
TOP.5e002d9a.00046b4b	user_options->runtime	0
TOP.5e002d9a.00046b4b	user_options->scrypt_tmto	0
TOP.5e002d9a.00046b4b	user_options->segment_size	33554432
TOP.5e002d9a.00046b4b	user_options->self_test_disable	0
TOP.5e002d9a.00046b4b	user_options->slow_candidates	0
TOP.5e002d9a.00046b4b	user_options->show	0
TOP.5e002d9a.00046b4b	user_options->speed_only	0
TOP.5e002d9a.00046b4b	user_options->spin_damp	8
TOP.5e002d9a.00046b4b	user_options->status	1
TOP.5e002d9a.00046b4b	user_options->status_timer	60
TOP.5e002d9a.00046b4b	user_options->stdout_flag	0
TOP.5e002d9a.00046b4b	user_options->usage	0
TOP.5e002d9a.00046b4b	user_options->username	0
TOP.5e002d9a.00046b4b	user_options->veracrypt_pim	0
TOP.5e002d9a.00046b4b	user_options->version	0
TOP.5e002d9a.00046b4b	user_options->workload_profile	2
TOP.5e002d9a.00046b4b	user_options->brain_client	0
TOP.5e002d9a.00046b4b	user_options->brain_client_features	2
TOP.5e002d9a.00046b4b	user_options->brain_server	0
TOP.5e002d9a.00046b4b	user_options->brain_port	6863
TOP.5e002d9a.00046b4b	user_options->brain_session	0
TOP.5e002d9a.00046b4b	hashes->hashfile	C:\Users\John\Downloads\Portables\Hashcat\hashes\183031577069277.hccapx
TOP.5e002d9a.00046b4b	hashes->hashlist_mode	4
TOP.5e002d9a.00046b4b	hashes->hashlist_format	0
TOP.5e002d9a.00046b4b	hashes->hashes_cnt	0
TOP.5e002d9a.00046b4b	hashes->digests_cnt	1
TOP.5e002d9a.00046b4b	hashes->digests_done	0
TOP.5e002d9a.00046b4b	hashes->salts_cnt	1
TOP.5e002d9a.00046b4b	hashes->salts_done	0
TOP.5e002d9a.00046b4b	proc_start	1577069978
TOP.5e002d9a.00046b4b	proc_stop	1577069980
TOP.5e002d9a.00046b4b	STOP
TOP.5e002d9c.00062a57	START
TOP.5e002d9c.00062a57	user_options->separator	:
TOP.5e002d9c.00062a57	user_options->encoding_from	utf-8
TOP.5e002d9c.00062a57	user_options->encoding_to	utf-8
TOP.5e002d9c.00062a57	user_options->opencl_device_types	1
TOP.5e002d9c.00062a57	user_options->outfile	C:\Users\John\Downloads\portables\Hashcat\output\output.txt
TOP.5e002d9c.00062a57	user_options->rule_buf_l	:
TOP.5e002d9c.00062a57	user_options->rule_buf_r	:
TOP.5e002d9c.00062a57	user_options->session	2019-12-22
TOP.5e002d9c.00062a57	user_options->limit	0
TOP.5e002d9c.00062a57	user_options->skip	0
TOP.5e002d9c.00062a57	user_options->attack_mode	0
TOP.5e002d9c.00062a57	user_options->benchmark	0
TOP.5e002d9c.00062a57	user_options->benchmark_all	0
TOP.5e002d9c.00062a57	user_options->bitmap_max	18
TOP.5e002d9c.00062a57	user_options->bitmap_min	16
TOP.5e002d9c.00062a57	user_options->debug_mode	0
TOP.5e002d9c.00062a57	user_options->example_hashes	0
TOP.5e002d9c.00062a57	user_options->force	1
TOP.5e002d9c.00062a57	user_options->hwmon_disable	0
TOP.5e002d9c.00062a57	user_options->hwmon_temp_abort	90
TOP.5e002d9c.00062a57	user_options->hash_mode	2500
TOP.5e002d9c.00062a57	user_options->hex_charset	1
TOP.5e002d9c.00062a57	user_options->hex_salt	0
TOP.5e002d9c.00062a57	user_options->hex_wordlist	0
TOP.5e002d9c.00062a57	user_options->increment	0
TOP.5e002d9c.00062a57	user_options->increment_max	256
TOP.5e002d9c.00062a57	user_options->increment_min	1
TOP.5e002d9c.00062a57	user_options->keep_guessing	0
TOP.5e002d9c.00062a57	user_options->kernel_accel	0
TOP.5e002d9c.00062a57	user_options->kernel_loops	0
TOP.5e002d9c.00062a57	user_options->kernel_threads	0
TOP.5e002d9c.00062a57	user_options->keyspace	0
TOP.5e002d9c.00062a57	user_options->left	0
TOP.5e002d9c.00062a57	user_options->logfile_disable	0
TOP.5e002d9c.00062a57	user_options->loopback	0
TOP.5e002d9c.00062a57	user_options->machine_readable	0
TOP.5e002d9c.00062a57	user_options->markov_classic	0
TOP.5e002d9c.00062a57	user_options->markov_disable	0
TOP.5e002d9c.00062a57	user_options->markov_threshold	256
TOP.5e002d9c.00062a57	user_options->opencl_info	0
TOP.5e002d9c.00062a57	user_options->opencl_vector_width	0
TOP.5e002d9c.00062a57	user_options->optimized_kernel_enable	1
TOP.5e002d9c.00062a57	user_options->outfile_autohex	1
TOP.5e002d9c.00062a57	user_options->outfile_check_timer	5
TOP.5e002d9c.00062a57	user_options->outfile_format	1
TOP.5e002d9c.00062a57	user_options->wordlist_autohex_disable	0
TOP.5e002d9c.00062a57	user_options->potfile_disable	1
TOP.5e002d9c.00062a57	user_options->progress_only	0
TOP.5e002d9c.00062a57	user_options->quiet	0
TOP.5e002d9c.00062a57	user_options->remove	0
TOP.5e002d9c.00062a57	user_options->remove_timer	60
TOP.5e002d9c.00062a57	user_options->restore	0
TOP.5e002d9c.00062a57	user_options->restore_disable	0
TOP.5e002d9c.00062a57	user_options->restore_timer	60
TOP.5e002d9c.00062a57	user_options->rp_files_cnt	0
TOP.5e002d9c.00062a57	user_options->rp_gen	0
TOP.5e002d9c.00062a57	user_options->rp_gen_func_max	4
TOP.5e002d9c.00062a57	user_options->rp_gen_func_min	1
TOP.5e002d9c.00062a57	user_options->rp_gen_seed	0
TOP.5e002d9c.00062a57	user_options->runtime	0
TOP.5e002d9c.00062a57	user_options->scrypt_tmto	0
TOP.5e002d9c.00062a57	user_options->segment_size	33554432
TOP.5e002d9c.00062a57	user_options->self_test_disable	0
TOP.5e002d9c.00062a57	user_options->slow_candidates	0
TOP.5e002d9c.00062a57	user_options->show	0
TOP.5e002d9c.00062a57	user_options->speed_only	0
TOP.5e002d9c.00062a57	user_options->spin_damp	8
TOP.5e002d9c.00062a57	user_options->status	1
TOP.5e002d9c.00062a57	user_options->status_timer	60
TOP.5e002d9c.00062a57	user_options->stdout_flag	0
TOP.5e002d9c.00062a57	user_options->usage	0
TOP.5e002d9c.00062a57	user_options->username	0
TOP.5e002d9c.00062a57	user_options->veracrypt_pim	0
TOP.5e002d9c.00062a57	user_options->version	0
TOP.5e002d9c.00062a57	user_options->workload_profile	2
TOP.5e002d9c.00062a57	user_options->brain_client	0
TOP.5e002d9c.00062a57	user_options->brain_client_features	2
TOP.5e002d9c.00062a57	user_options->brain_server	0
TOP.5e002d9c.00062a57	user_options->brain_port	6863
TOP.5e002d9c.00062a57	user_options->brain_session	0
TOP.5e002d9c.00062a57	hashes->hashfile	C:\Users\John\Downloads\Portables\Hashcat\hashes\183031577069277.hccapx
TOP.5e002d9c.00062a57	hashes->hashlist_mode	4
TOP.5e002d9c.00062a57	hashes->hashlist_format	0
TOP.5e002d9c.00062a57	hashes->hashes_cnt	0
TOP.5e002d9c.00062a57	hashes->digests_cnt	1
TOP.5e002d9c.00062a57	hashes->digests_done	0
TOP.5e002d9c.00062a57	hashes->salts_cnt	1
TOP.5e002d9c.00062a57	hashes->salts_done	0
TOP.5e002d9c.00062a57	proc_start	1577069980
TOP.5e002d9c.00062a57	proc_stop	1577069982
TOP.5e002d9c.00062a57	STOP
TOP.5e002db9.00024301	START
TOP.5e002db9.00024301	user_options->separator	:
TOP.5e002db9.00024301	user_options->encoding_from	utf-8
TOP.5e002db9.00024301	user_options->encoding_to	utf-8
TOP.5e002db9.00024301	user_options->opencl_device_types	1
TOP.5e002db9.00024301	user_options->outfile	C:\Users\John\Downloads\portables\Hashcat\output\output.txt
TOP.5e002db9.00024301	user_options->rule_buf_l	:
TOP.5e002db9.00024301	user_options->rule_buf_r	:
TOP.5e002db9.00024301	user_options->session	2019-12-22
TOP.5e002db9.00024301	user_options->limit	0
TOP.5e002db9.00024301	user_options->skip	0
TOP.5e002db9.00024301	user_options->attack_mode	0
TOP.5e002db9.00024301	user_options->benchmark	0
TOP.5e002db9.00024301	user_options->benchmark_all	0
TOP.5e002db9.00024301	user_options->bitmap_max	18
TOP.5e002db9.00024301	user_options->bitmap_min	16
TOP.5e002db9.00024301	user_options->debug_mode	0
TOP.5e002db9.00024301	user_options->example_hashes	0
TOP.5e002db9.00024301	user_options->force	1
TOP.5e002db9.00024301	user_options->hwmon_disable	0
TOP.5e002db9.00024301	user_options->hwmon_temp_abort	90
TOP.5e002db9.00024301	user_options->hash_mode	2500
TOP.5e002db9.00024301	user_options->hex_charset	1
TOP.5e002db9.00024301	user_options->hex_salt	0
TOP.5e002db9.00024301	user_options->hex_wordlist	0
TOP.5e002db9.00024301	user_options->increment	0
TOP.5e002db9.00024301	user_options->increment_max	256
TOP.5e002db9.00024301	user_options->increment_min	1
TOP.5e002db9.00024301	user_options->keep_guessing	0
TOP.5e002db9.00024301	user_options->kernel_accel	0
TOP.5e002db9.00024301	user_options->kernel_loops	0
TOP.5e002db9.00024301	user_options->kernel_threads	0
TOP.5e002db9.00024301	user_options->keyspace	0
TOP.5e002db9.00024301	user_options->left	0
TOP.5e002db9.00024301	user_options->logfile_disable	0
TOP.5e002db9.00024301	user_options->loopback	0
TOP.5e002db9.00024301	user_options->machine_readable	0
TOP.5e002db9.00024301	user_options->markov_classic	0
TOP.5e002db9.00024301	user_options->markov_disable	0
TOP.5e002db9.00024301	user_options->markov_threshold	256
TOP.5e002db9.00024301	user_options->opencl_info	0
TOP.5e002db9.00024301	user_options->opencl_vector_width	0
TOP.5e002db9.00024301	user_options->optimized_kernel_enable	1
TOP.5e002db9.00024301	user_options->outfile_autohex	1
TOP.5e002db9.00024301	user_options->outfile_check_timer	5
TOP.5e002db9.00024301	user_options->outfile_format	1
TOP.5e002db9.00024301	user_options->wordlist_autohex_disable	0
TOP.5e002db9.00024301	user_options->potfile_disable	1
TOP.5e002db9.00024301	user_options->progress_only	0
TOP.5e002db9.00024301	user_options->quiet	0
TOP.5e002db9.00024301	user_options->remove	0
TOP.5e002db9.00024301	user_options->remove_timer	60
TOP.5e002db9.00024301	user_options->restore	0
TOP.5e002db9.00024301	user_options->restore_disable	0
TOP.5e002db9.00024301	user_options->restore_timer	60
TOP.5e002db9.00024301	user_options->rp_files_cnt	0
TOP.5e002db9.00024301	user_options->rp_gen	0
TOP.5e002db9.00024301	user_options->rp_gen_func_max	4
TOP.5e002db9.00024301	user_options->rp_gen_func_min	1
TOP.5e002db9.00024301	user_options->rp_gen_seed	0
TOP.5e002db9.00024301	user_options->runtime	0
TOP.5e002db9.00024301	user_options->scrypt_tmto	0
TOP.5e002db9.00024301	user_options->segment_size	33554432
TOP.5e002db9.00024301	user_options->self_test_disable	0
TOP.5e002db9.00024301	user_options->slow_candidates	0
TOP.5e002db9.00024301	user_options->show	0
TOP.5e002db9.00024301	user_options->speed_only	0
TOP.5e002db9.00024301	user_options->spin_damp	8
TOP.5e002db9.00024301	user_options->status	1
TOP.5e002db9.00024301	user_options->status_timer	60
TOP.5e002db9.00024301	user_options->stdout_flag	0
TOP.5e002db9.00024301	user_options->usage	0
TOP.5e002db9.00024301	user_options->username	0
TOP.5e002db9.00024301	user_options->veracrypt_pim	0
TOP.5e002db9.00024301	user_options->version	0
TOP.5e002db9.00024301	user_options->workload_profile	2
TOP.5e002db9.00024301	user_options->brain_client	0
TOP.5e002db9.00024301	user_options->brain_client_features	2
TOP.5e002db9.00024301	user_options->brain_server	0
TOP.5e002db9.00024301	user_options->brain_port	6863
TOP.5e002db9.00024301	user_options->brain_session	0
TOP.5e002db9.00024301	hashes->hashfile	C:\Users\John\Downloads\Portables\Hashcat\hashes\183031577069277.hccapx
TOP.5e002db9.00024301	hashes->hashlist_mode	4
TOP.5e002db9.00024301	hashes->hashlist_format	0
TOP.5e002db9.00024301	hashes->hashes_cnt	0
TOP.5e002db9.00024301	hashes->digests_cnt	1
TOP.5e002db9.00024301	hashes->digests_done	0
TOP.5e002db9.00024301	hashes->salts_cnt	1
TOP.5e002db9.00024301	hashes->salts_done	0
TOP.5e002db9.00024301	proc_start	1577070009
TOP.5e002db9.00024301	proc_stop	1577070011
TOP.5e002db9.00024301	STOP
TOP.5e002de7.00034f95	START
TOP.5e002de7.00034f95	user_options->separator	:
TOP.5e002de7.00034f95	user_options->encoding_from	utf-8
TOP.5e002de7.00034f95	user_options->encoding_to	utf-8
TOP.5e002de7.00034f95	user_options->opencl_device_types	1
TOP.5e002de7.00034f95	user_options->outfile	C:\Users\John\Downloads\portables\Hashcat\output\output.txt
TOP.5e002de7.00034f95	user_options->rule_buf_l	:
TOP.5e002de7.00034f95	user_options->rule_buf_r	:
TOP.5e002de7.00034f95	user_options->session	2019-12-22
TOP.5e002de7.00034f95	user_options->limit	0
TOP.5e002de7.00034f95	user_options->skip	0
TOP.5e002de7.00034f95	user_options->attack_mode	0
TOP.5e002de7.00034f95	user_options->benchmark	0
TOP.5e002de7.00034f95	user_options->benchmark_all	0
TOP.5e002de7.00034f95	user_options->bitmap_max	18
TOP.5e002de7.00034f95	user_options->bitmap_min	16
TOP.5e002de7.00034f95	user_options->debug_mode	0
TOP.5e002de7.00034f95	user_options->example_hashes	0
TOP.5e002de7.00034f95	user_options->force	1
TOP.5e002de7.00034f95	user_options->hwmon_disable	0
TOP.5e002de7.00034f95	user_options->hwmon_temp_abort	90
TOP.5e002de7.00034f95	user_options->hash_mode	2500
TOP.5e002de7.00034f95	user_options->hex_charset	1
TOP.5e002de7.00034f95	user_options->hex_salt	0
TOP.5e002de7.00034f95	user_options->hex_wordlist	0
TOP.5e002de7.00034f95	user_options->increment	0
TOP.5e002de7.00034f95	user_options->increment_max	256
TOP.5e002de7.00034f95	user_options->increment_min	1
TOP.5e002de7.00034f95	user_options->keep_guessing	0
TOP.5e002de7.00034f95	user_options->kernel_accel	0
TOP.5e002de7.00034f95	user_options->kernel_loops	0
TOP.5e002de7.00034f95	user_options->kernel_threads	0
TOP.5e002de7.00034f95	user_options->keyspace	0
TOP.5e002de7.00034f95	user_options->left	0
TOP.5e002de7.00034f95	user_options->logfile_disable	0
TOP.5e002de7.00034f95	user_options->loopback	0
TOP.5e002de7.00034f95	user_options->machine_readable	0
TOP.5e002de7.00034f95	user_options->markov_classic	0
TOP.5e002de7.00034f95	user_options->markov_disable	0
TOP.5e002de7.00034f95	user_options->markov_threshold	256
TOP.5e002de7.00034f95	user_options->opencl_info	0
TOP.5e002de7.00034f95	user_options->opencl_vector_width	0
TOP.5e002de7.00034f95	user_options->optimized_kernel_enable	1
TOP.5e002de7.00034f95	user_options->outfile_autohex	1
TOP.5e002de7.00034f95	user_options->outfile_check_timer	5
TOP.5e002de7.00034f95	user_options->outfile_format	1
TOP.5e002de7.00034f95	user_options->wordlist_autohex_disable	0
TOP.5e002de7.00034f95	user_options->potfile_disable	1
TOP.5e002de7.00034f95	user_options->progress_only	0
TOP.5e002de7.00034f95	user_options->quiet	0
TOP.5e002de7.00034f95	user_options->remove	0
TOP.5e002de7.00034f95	user_options->remove_timer	60
TOP.5e002de7.00034f95	user_options->restore	0
TOP.5e002de7.00034f95	user_options->restore_disable	0
TOP.5e002de7.00034f95	user_options->restore_timer	60
TOP.5e002de7.00034f95	user_options->rp_files_cnt	0
TOP.5e002de7.00034f95	user_options->rp_gen	0
TOP.5e002de7.00034f95	user_options->rp_gen_func_max	4
TOP.5e002de7.00034f95	user_options->rp_gen_func_min	1
TOP.5e002de7.00034f95	user_options->rp_gen_seed	0
TOP.5e002de7.00034f95	user_options->runtime	0
TOP.5e002de7.00034f95	user_options->scrypt_tmto	0
TOP.5e002de7.00034f95	user_options->segment_size	33554432
TOP.5e002de7.00034f95	user_options->self_test_disable	0
TOP.5e002de7.00034f95	user_options->slow_candidates	0
TOP.5e002de7.00034f95	user_options->show	0
TOP.5e002de7.00034f95	user_options->speed_only	0
TOP.5e002de7.00034f95	user_options->spin_damp	8
TOP.5e002de7.00034f95	user_options->status	1
TOP.5e002de7.00034f95	user_options->status_timer	60
TOP.5e002de7.00034f95	user_options->stdout_flag	0
TOP.5e002de7.00034f95	user_options->usage	0
TOP.5e002de7.00034f95	user_options->username	0
TOP.5e002de7.00034f95	user_options->veracrypt_pim	0
TOP.5e002de7.00034f95	user_options->version	0
TOP.5e002de7.00034f95	user_options->workload_profile	2
TOP.5e002de7.00034f95	user_options->brain_client	0
TOP.5e002de7.00034f95	user_options->brain_client_features	2
TOP.5e002de7.00034f95	user_options->brain_server	0
TOP.5e002de7.00034f95	user_options->brain_port	6863
TOP.5e002de7.00034f95	user_options->brain_session	0
TOP.5e002de7.00034f95	hashes->hashfile	C:\Users\John\Downloads\Portables\Hashcat\hashes\183031577069277.hccapx
TOP.5e002de7.00034f95	hashes->hashlist_mode	4
TOP.5e002de7.00034f95	hashes->hashlist_format	0
TOP.5e002de7.00034f95	hashes->hashes_cnt	0
TOP.5e002de7.00034f95	hashes->digests_cnt	1
TOP.5e002de7.00034f95	hashes->digests_done	0
TOP.5e002de7.00034f95	hashes->salts_cnt	1
TOP.5e002de7.00034f95	hashes->salts_done	0
TOP.5e002de7.00034f95	proc_start	1577070055
TOP.5e002de7.00034f95	proc_stop	1577070057
TOP.5e002de7.00034f95	STOP
TOP.5e002e00.000d4bc7	START
TOP.5e002e00.000d4bc7	user_options->separator	:
TOP.5e002e00.000d4bc7	user_options->encoding_from	utf-8
TOP.5e002e00.000d4bc7	user_options->encoding_to	utf-8
TOP.5e002e00.000d4bc7	user_options->opencl_device_types	1
TOP.5e002e00.000d4bc7	user_options->outfile	C:\Users\John\Downloads\portables\Hashcat\output\output.txt
TOP.5e002e00.000d4bc7	user_options->rule_buf_l	:
TOP.5e002e00.000d4bc7	user_options->rule_buf_r	:
TOP.5e002e00.000d4bc7	user_options->session	2019-12-22
TOP.5e002e00.000d4bc7	user_options->limit	0
TOP.5e002e00.000d4bc7	user_options->skip	0
TOP.5e002e00.000d4bc7	user_options->attack_mode	0
TOP.5e002e00.000d4bc7	user_options->benchmark	0
TOP.5e002e00.000d4bc7	user_options->benchmark_all	0
TOP.5e002e00.000d4bc7	user_options->bitmap_max	18
TOP.5e002e00.000d4bc7	user_options->bitmap_min	16
TOP.5e002e00.000d4bc7	user_options->debug_mode	0
TOP.5e002e00.000d4bc7	user_options->example_hashes	0
TOP.5e002e00.000d4bc7	user_options->force	1
TOP.5e002e00.000d4bc7	user_options->hwmon_disable	0
TOP.5e002e00.000d4bc7	user_options->hwmon_temp_abort	90
TOP.5e002e00.000d4bc7	user_options->hash_mode	2500
TOP.5e002e00.000d4bc7	user_options->hex_charset	1
TOP.5e002e00.000d4bc7	user_options->hex_salt	0
TOP.5e002e00.000d4bc7	user_options->hex_wordlist	0
TOP.5e002e00.000d4bc7	user_options->increment	0
TOP.5e002e00.000d4bc7	user_options->increment_max	256
TOP.5e002e00.000d4bc7	user_options->increment_min	1
TOP.5e002e00.000d4bc7	user_options->keep_guessing	0
TOP.5e002e00.000d4bc7	user_options->kernel_accel	0
TOP.5e002e00.000d4bc7	user_options->kernel_loops	0
TOP.5e002e00.000d4bc7	user_options->kernel_threads	0
TOP.5e002e00.000d4bc7	user_options->keyspace	0
TOP.5e002e00.000d4bc7	user_options->left	0
TOP.5e002e00.000d4bc7	user_options->logfile_disable	0
TOP.5e002e00.000d4bc7	user_options->loopback	0
TOP.5e002e00.000d4bc7	user_options->machine_readable	0
TOP.5e002e00.000d4bc7	user_options->markov_classic	0
TOP.5e002e00.000d4bc7	user_options->markov_disable	0
TOP.5e002e00.000d4bc7	user_options->markov_threshold	256
TOP.5e002e00.000d4bc7	user_options->opencl_info	0
TOP.5e002e00.000d4bc7	user_options->opencl_vector_width	0
TOP.5e002e00.000d4bc7	user_options->optimized_kernel_enable	1
TOP.5e002e00.000d4bc7	user_options->outfile_autohex	1
TOP.5e002e00.000d4bc7	user_options->outfile_check_timer	5
TOP.5e002e00.000d4bc7	user_options->outfile_format	1
TOP.5e002e00.000d4bc7	user_options->wordlist_autohex_disable	0
TOP.5e002e00.000d4bc7	user_options->potfile_disable	1
TOP.5e002e00.000d4bc7	user_options->progress_only	0
TOP.5e002e00.000d4bc7	user_options->quiet	0
TOP.5e002e00.000d4bc7	user_options->remove	0
TOP.5e002e00.000d4bc7	user_options->remove_timer	60
TOP.5e002e00.000d4bc7	user_options->restore	0
TOP.5e002e00.000d4bc7	user_options->restore_disable	0
TOP.5e002e00.000d4bc7	user_options->restore_timer	60
TOP.5e002e00.000d4bc7	user_options->rp_files_cnt	0
TOP.5e002e00.000d4bc7	user_options->rp_gen	0
TOP.5e002e00.000d4bc7	user_options->rp_gen_func_max	4
TOP.5e002e00.000d4bc7	user_options->rp_gen_func_min	1
TOP.5e002e00.000d4bc7	user_options->rp_gen_seed	0
TOP.5e002e00.000d4bc7	user_options->runtime	0
TOP.5e002e00.000d4bc7	user_options->scrypt_tmto	0
TOP.5e002e00.000d4bc7	user_options->segment_size	33554432
TOP.5e002e00.000d4bc7	user_options->self_test_disable	0
TOP.5e002e00.000d4bc7	user_options->slow_candidates	0
TOP.5e002e00.000d4bc7	user_options->show	0
TOP.5e002e00.000d4bc7	user_options->speed_only	0
TOP.5e002e00.000d4bc7	user_options->spin_damp	8
TOP.5e002e00.000d4bc7	user_options->status	1
TOP.5e002e00.000d4bc7	user_options->status_timer	60
TOP.5e002e00.000d4bc7	user_options->stdout_flag	0
TOP.5e002e00.000d4bc7	user_options->usage	0
TOP.5e002e00.000d4bc7	user_options->username	0
TOP.5e002e00.000d4bc7	user_options->veracrypt_pim	0
TOP.5e002e00.000d4bc7	user_options->version	0
TOP.5e002e00.000d4bc7	user_options->workload_profile	2
TOP.5e002e00.000d4bc7	user_options->brain_client	0
TOP.5e002e00.000d4bc7	user_options->brain_client_features	2
TOP.5e002e00.000d4bc7	user_options->brain_server	0
TOP.5e002e00.000d4bc7	user_options->brain_port	6863
TOP.5e002e00.000d4bc7	user_options->brain_session	0
TOP.5e002e00.000d4bc7	hashes->hashfile	C:\Users\John\Downloads\Portables\Hashcat\hashes\183031577069277.hccapx
TOP.5e002e00.000d4bc7	hashes->hashlist_mode	4
TOP.5e002e00.000d4bc7	hashes->hashlist_format	0
TOP.5e002e00.000d4bc7	hashes->hashes_cnt	0
TOP.5e002e00.000d4bc7	hashes->digests_cnt	1
TOP.5e002e00.000d4bc7	hashes->digests_done	0
TOP.5e002e00.000d4bc7	hashes->salts_cnt	1
TOP.5e002e00.000d4bc7	hashes->salts_done	0
TOP.5e002e00.000d4bc7	proc_start	1577070080
TOP.5e002e00.000d4bc7	proc_stop	1577070083
TOP.5e002e00.000d4bc7	STOP
TOP.5e002e03.0003bc05	START
TOP.5e002e03.0003bc05	user_options->separator	:
TOP.5e002e03.0003bc05	user_options->encoding_from	utf-8
TOP.5e002e03.0003bc05	user_options->encoding_to	utf-8
TOP.5e002e03.0003bc05	user_options->opencl_device_types	1
TOP.5e002e03.0003bc05	user_options->outfile	C:\Users\John\Downloads\portables\Hashcat\output\output.txt
TOP.5e002e03.0003bc05	user_options->rule_buf_l	:
TOP.5e002e03.0003bc05	user_options->rule_buf_r	:
TOP.5e002e03.0003bc05	user_options->session	2019-12-22
TOP.5e002e03.0003bc05	user_options->limit	0
TOP.5e002e03.0003bc05	user_options->skip	0
TOP.5e002e03.0003bc05	user_options->attack_mode	0
TOP.5e002e03.0003bc05	user_options->benchmark	0
TOP.5e002e03.0003bc05	user_options->benchmark_all	0
TOP.5e002e03.0003bc05	user_options->bitmap_max	18
TOP.5e002e03.0003bc05	user_options->bitmap_min	16
TOP.5e002e03.0003bc05	user_options->debug_mode	0
TOP.5e002e03.0003bc05	user_options->example_hashes	0
TOP.5e002e03.0003bc05	user_options->force	1
TOP.5e002e03.0003bc05	user_options->hwmon_disable	0
TOP.5e002e03.0003bc05	user_options->hwmon_temp_abort	90
TOP.5e002e03.0003bc05	user_options->hash_mode	2500
TOP.5e002e03.0003bc05	user_options->hex_charset	1
TOP.5e002e03.0003bc05	user_options->hex_salt	0
TOP.5e002e03.0003bc05	user_options->hex_wordlist	0
TOP.5e002e03.0003bc05	user_options->increment	0
TOP.5e002e03.0003bc05	user_options->increment_max	256
TOP.5e002e03.0003bc05	user_options->increment_min	1
TOP.5e002e03.0003bc05	user_options->keep_guessing	0
TOP.5e002e03.0003bc05	user_options->kernel_accel	0
TOP.5e002e03.0003bc05	user_options->kernel_loops	0
TOP.5e002e03.0003bc05	user_options->kernel_threads	0
TOP.5e002e03.0003bc05	user_options->keyspace	0
TOP.5e002e03.0003bc05	user_options->left	0
TOP.5e002e03.0003bc05	user_options->logfile_disable	0
TOP.5e002e03.0003bc05	user_options->loopback	0
TOP.5e002e03.0003bc05	user_options->machine_readable	0
TOP.5e002e03.0003bc05	user_options->markov_classic	0
TOP.5e002e03.0003bc05	user_options->markov_disable	0
TOP.5e002e03.0003bc05	user_options->markov_threshold	256
TOP.5e002e03.0003bc05	user_options->opencl_info	0
TOP.5e002e03.0003bc05	user_options->opencl_vector_width	0
TOP.5e002e03.0003bc05	user_options->optimized_kernel_enable	1
TOP.5e002e03.0003bc05	user_options->outfile_autohex	1
TOP.5e002e03.0003bc05	user_options->outfile_check_timer	5
TOP.5e002e03.0003bc05	user_options->outfile_format	1
TOP.5e002e03.0003bc05	user_options->wordlist_autohex_disable	0
TOP.5e002e03.0003bc05	user_options->potfile_disable	1
TOP.5e002e03.0003bc05	user_options->progress_only	0
TOP.5e002e03.0003bc05	user_options->quiet	0
TOP.5e002e03.0003bc05	user_options->remove	0
TOP.5e002e03.0003bc05	user_options->remove_timer	60
TOP.5e002e03.0003bc05	user_options->restore	0
TOP.5e002e03.0003bc05	user_options->restore_disable	0
TOP.5e002e03.0003bc05	user_options->restore_timer	60
TOP.5e002e03.0003bc05	user_options->rp_files_cnt	0
TOP.5e002e03.0003bc05	user_options->rp_gen	0
TOP.5e002e03.0003bc05	user_options->rp_gen_func_max	4
TOP.5e002e03.0003bc05	user_options->rp_gen_func_min	1
TOP.5e002e03.0003bc05	user_options->rp_gen_seed	0
TOP.5e002e03.0003bc05	user_options->runtime	0
TOP.5e002e03.0003bc05	user_options->scrypt_tmto	0
TOP.5e002e03.0003bc05	user_options->segment_size	33554432
TOP.5e002e03.0003bc05	user_options->self_test_disable	0
TOP.5e002e03.0003bc05	user_options->slow_candidates	0
TOP.5e002e03.0003bc05	user_options->show	0
TOP.5e002e03.0003bc05	user_options->speed_only	0
TOP.5e002e03.0003bc05	user_options->spin_damp	8
TOP.5e002e03.0003bc05	user_options->status	1
TOP.5e002e03.0003bc05	user_options->status_timer	60
TOP.5e002e03.0003bc05	user_options->stdout_flag	0
TOP.5e002e03.0003bc05	user_options->usage	0
TOP.5e002e03.0003bc05	user_options->username	0
TOP.5e002e03.0003bc05	user_options->veracrypt_pim	0
TOP.5e002e03.0003bc05	user_options->version	0
TOP.5e002e03.0003bc05	user_options->workload_profile	2
TOP.5e002e03.0003bc05	user_options->brain_client	0
TOP.5e002e03.0003bc05	user_options->brain_client_features	2
TOP.5e002e03.0003bc05	user_options->brain_server	0
TOP.5e002e03.0003bc05	user_options->brain_port	6863
TOP.5e002e03.0003bc05	user_options->brain_session	0
TOP.5e002e03.0003bc05	hashes->hashfile	C:\Users\John\Downloads\Portables\Hashcat\hashes\183031577069277.hccapx
TOP.5e002e03.0003bc05	hashes->hashlist_mode	4
TOP.5e002e03.0003bc05	hashes->hashlist_format	0
TOP.5e002e03.0003bc05	hashes->hashes_cnt	0
TOP.5e002e03.0003bc05	hashes->digests_cnt	1
TOP.5e002e03.0003bc05	hashes->digests_done	0
TOP.5e002e03.0003bc05	hashes->salts_cnt	1
TOP.5e002e03.0003bc05	hashes->salts_done	0
TOP.5e002e03.0003bc05	proc_start	1577070083
TOP.5e002e03.0003bc05	proc_stop	1577070085
TOP.5e002e03.0003bc05	STOP
TOP.5e0034fd.0004d2d0	START
TOP.5e0034fd.0004d2d0	user_options->separator	:
TOP.5e0034fd.0004d2d0	user_options->encoding_from	utf-8
TOP.5e0034fd.0004d2d0	user_options->encoding_to	utf-8
TOP.5e0034fd.0004d2d0	user_options->opencl_device_types	1
TOP.5e0034fd.0004d2d0	user_options->outfile	C:\Users\John\Downloads\portables\Hashcat\output\output.txt
TOP.5e0034fd.0004d2d0	user_options->rule_buf_l	:
TOP.5e0034fd.0004d2d0	user_options->rule_buf_r	:
TOP.5e0034fd.0004d2d0	user_options->session	2019-12-22
TOP.5e0034fd.0004d2d0	user_options->limit	0
TOP.5e0034fd.0004d2d0	user_options->skip	0
TOP.5e0034fd.0004d2d0	user_options->attack_mode	0
TOP.5e0034fd.0004d2d0	user_options->benchmark	0
TOP.5e0034fd.0004d2d0	user_options->benchmark_all	0
TOP.5e0034fd.0004d2d0	user_options->bitmap_max	18
TOP.5e0034fd.0004d2d0	user_options->bitmap_min	16
TOP.5e0034fd.0004d2d0	user_options->debug_mode	0
TOP.5e0034fd.0004d2d0	user_options->example_hashes	0
TOP.5e0034fd.0004d2d0	user_options->force	1
TOP.5e0034fd.0004d2d0	user_options->hwmon_disable	0
TOP.5e0034fd.0004d2d0	user_options->hwmon_temp_abort	90
TOP.5e0034fd.0004d2d0	user_options->hash_mode	2500
TOP.5e0034fd.0004d2d0	user_options->hex_charset	1
TOP.5e0034fd.0004d2d0	user_options->hex_salt	0
TOP.5e0034fd.0004d2d0	user_options->hex_wordlist	0
TOP.5e0034fd.0004d2d0	user_options->increment	0
TOP.5e0034fd.0004d2d0	user_options->increment_max	256
TOP.5e0034fd.0004d2d0	user_options->increment_min	1
TOP.5e0034fd.0004d2d0	user_options->keep_guessing	0
TOP.5e0034fd.0004d2d0	user_options->kernel_accel	0
TOP.5e0034fd.0004d2d0	user_options->kernel_loops	0
TOP.5e0034fd.0004d2d0	user_options->kernel_threads	0
TOP.5e0034fd.0004d2d0	user_options->keyspace	0
TOP.5e0034fd.0004d2d0	user_options->left	0
TOP.5e0034fd.0004d2d0	user_options->logfile_disable	0
TOP.5e0034fd.0004d2d0	user_options->loopback	0
TOP.5e0034fd.0004d2d0	user_options->machine_readable	0
TOP.5e0034fd.0004d2d0	user_options->markov_classic	0
TOP.5e0034fd.0004d2d0	user_options->markov_disable	0
TOP.5e0034fd.0004d2d0	user_options->markov_threshold	256
TOP.5e0034fd.0004d2d0	user_options->opencl_info	0
TOP.5e0034fd.0004d2d0	user_options->opencl_vector_width	0
TOP.5e0034fd.0004d2d0	user_options->optimized_kernel_enable	1
TOP.5e0034fd.0004d2d0	user_options->outfile_autohex	1
TOP.5e0034fd.0004d2d0	user_options->outfile_check_timer	5
TOP.5e0034fd.0004d2d0	user_options->outfile_format	1
TOP.5e0034fd.0004d2d0	user_options->wordlist_autohex_disable	0
TOP.5e0034fd.0004d2d0	user_options->potfile_disable	1
TOP.5e0034fd.0004d2d0	user_options->progress_only	0
TOP.5e0034fd.0004d2d0	user_options->quiet	0
TOP.5e0034fd.0004d2d0	user_options->remove	0
TOP.5e0034fd.0004d2d0	user_options->remove_timer	60
TOP.5e0034fd.0004d2d0	user_options->restore	0
TOP.5e0034fd.0004d2d0	user_options->restore_disable	0
TOP.5e0034fd.0004d2d0	user_options->restore_timer	60
TOP.5e0034fd.0004d2d0	user_options->rp_files_cnt	0
TOP.5e0034fd.0004d2d0	user_options->rp_gen	0
TOP.5e0034fd.0004d2d0	user_options->rp_gen_func_max	4
TOP.5e0034fd.0004d2d0	user_options->rp_gen_func_min	1
TOP.5e0034fd.0004d2d0	user_options->rp_gen_seed	0
TOP.5e0034fd.0004d2d0	user_options->runtime	0
TOP.5e0034fd.0004d2d0	user_options->scrypt_tmto	0
TOP.5e0034fd.0004d2d0	user_options->segment_size	33554432
TOP.5e0034fd.0004d2d0	user_options->self_test_disable	0
TOP.5e0034fd.0004d2d0	user_options->slow_candidates	0
TOP.5e0034fd.0004d2d0	user_options->show	0
TOP.5e0034fd.0004d2d0	user_options->speed_only	0
TOP.5e0034fd.0004d2d0	user_options->spin_damp	8
TOP.5e0034fd.0004d2d0	user_options->status	1
TOP.5e0034fd.0004d2d0	user_options->status_timer	60
TOP.5e0034fd.0004d2d0	user_options->stdout_flag	0
TOP.5e0034fd.0004d2d0	user_options->usage	0
TOP.5e0034fd.0004d2d0	user_options->username	0
TOP.5e0034fd.0004d2d0	user_options->veracrypt_pim	0
TOP.5e0034fd.0004d2d0	user_options->version	0
TOP.5e0034fd.0004d2d0	user_options->workload_profile	2
TOP.5e0034fd.0004d2d0	user_options->brain_client	0
TOP.5e0034fd.0004d2d0	user_options->brain_client_features	2
TOP.5e0034fd.0004d2d0	user_options->brain_server	0
TOP.5e0034fd.0004d2d0	user_options->brain_port	6863
TOP.5e0034fd.0004d2d0	user_options->brain_session	0
TOP.5e0034fd.0004d2d0	hashes->hashfile	C:\Users\John\Downloads\Portables\Hashcat\hashes\183031577069277.hccapx
TOP.5e0034fd.0004d2d0	hashes->hashlist_mode	4
TOP.5e0034fd.0004d2d0	hashes->hashlist_format	0
TOP.5e0034fd.0004d2d0	hashes->hashes_cnt	0
TOP.5e0034fd.0004d2d0	hashes->digests_cnt	1
TOP.5e0034fd.0004d2d0	hashes->digests_done	0
TOP.5e0034fd.0004d2d0	hashes->salts_cnt	1
TOP.5e0034fd.0004d2d0	hashes->salts_done	0
TOP.5e0034fd.0004d2d0	proc_start	1577071869
TOP.5e0034fd.0004d2d0	proc_stop	1577071871
TOP.5e0034fd.0004d2d0	STOP
TOP.5e102fbb.000b79e7	START
TOP.5e102fbb.000b79e7	user_options->separator	:
TOP.5e102fbb.000b79e7	user_options->encoding_from	utf-8
TOP.5e102fbb.000b79e7	user_options->encoding_to	utf-8
TOP.5e102fbb.000b79e7	user_options->opencl_device_types	1
TOP.5e102fbb.000b79e7	user_options->outfile	C:\Users\John\Downloads\portables\Hashcat\output\output.txt
TOP.5e102fbb.000b79e7	user_options->rule_buf_l	:
TOP.5e102fbb.000b79e7	user_options->rule_buf_r	:
TOP.5e102fbb.000b79e7	user_options->session	2019-12-22
TOP.5e102fbb.000b79e7	user_options->limit	0
TOP.5e102fbb.000b79e7	user_options->skip	0
TOP.5e102fbb.000b79e7	user_options->attack_mode	0
TOP.5e102fbb.000b79e7	user_options->benchmark	0
TOP.5e102fbb.000b79e7	user_options->benchmark_all	0
TOP.5e102fbb.000b79e7	user_options->bitmap_max	18
TOP.5e102fbb.000b79e7	user_options->bitmap_min	16
TOP.5e102fbb.000b79e7	user_options->debug_mode	0
TOP.5e102fbb.000b79e7	user_options->example_hashes	0
TOP.5e102fbb.000b79e7	user_options->force	1
TOP.5e102fbb.000b79e7	user_options->hwmon_disable	0
TOP.5e102fbb.000b79e7	user_options->hwmon_temp_abort	90
TOP.5e102fbb.000b79e7	user_options->hash_mode	2500
TOP.5e102fbb.000b79e7	user_options->hex_charset	1
TOP.5e102fbb.000b79e7	user_options->hex_salt	0
TOP.5e102fbb.000b79e7	user_options->hex_wordlist	0
TOP.5e102fbb.000b79e7	user_options->increment	0
TOP.5e102fbb.000b79e7	user_options->increment_max	256
TOP.5e102fbb.000b79e7	user_options->increment_min	1
TOP.5e102fbb.000b79e7	user_options->keep_guessing	0
TOP.5e102fbb.000b79e7	user_options->kernel_accel	0
TOP.5e102fbb.000b79e7	user_options->kernel_loops	0
TOP.5e102fbb.000b79e7	user_options->kernel_threads	0
TOP.5e102fbb.000b79e7	user_options->keyspace	0
TOP.5e102fbb.000b79e7	user_options->left	0
TOP.5e102fbb.000b79e7	user_options->logfile_disable	0
TOP.5e102fbb.000b79e7	user_options->loopback	0
TOP.5e102fbb.000b79e7	user_options->machine_readable	0
TOP.5e102fbb.000b79e7	user_options->markov_classic	0
TOP.5e102fbb.000b79e7	user_options->markov_disable	0
TOP.5e102fbb.000b79e7	user_options->markov_threshold	256
TOP.5e102fbb.000b79e7	user_options->opencl_info	0
TOP.5e102fbb.000b79e7	user_options->opencl_vector_width	0
TOP.5e102fbb.000b79e7	user_options->optimized_kernel_enable	1
TOP.5e102fbb.000b79e7	user_options->outfile_autohex	1
TOP.5e102fbb.000b79e7	user_options->outfile_check_timer	5
TOP.5e102fbb.000b79e7	user_options->outfile_format	1
TOP.5e102fbb.000b79e7	user_options->wordlist_autohex_disable	0
TOP.5e102fbb.000b79e7	user_options->potfile_disable	1
TOP.5e102fbb.000b79e7	user_options->progress_only	0
TOP.5e102fbb.000b79e7	user_options->quiet	0
TOP.5e102fbb.000b79e7	user_options->remove	0
TOP.5e102fbb.000b79e7	user_options->remove_timer	60
TOP.5e102fbb.000b79e7	user_options->restore	0
TOP.5e102fbb.000b79e7	user_options->restore_disable	0
TOP.5e102fbb.000b79e7	user_options->restore_timer	60
TOP.5e102fbb.000b79e7	user_options->rp_files_cnt	0
TOP.5e102fbb.000b79e7	user_options->rp_gen	0
TOP.5e102fbb.000b79e7	user_options->rp_gen_func_max	4
TOP.5e102fbb.000b79e7	user_options->rp_gen_func_min	1
TOP.5e102fbb.000b79e7	user_options->rp_gen_seed	0
TOP.5e102fbb.000b79e7	user_options->runtime	0
TOP.5e102fbb.000b79e7	user_options->scrypt_tmto	0
TOP.5e102fbb.000b79e7	user_options->segment_size	33554432
TOP.5e102fbb.000b79e7	user_options->self_test_disable	0
TOP.5e102fbb.000b79e7	user_options->slow_candidates	0
TOP.5e102fbb.000b79e7	user_options->show	0
TOP.5e102fbb.000b79e7	user_options->speed_only	0
TOP.5e102fbb.000b79e7	user_options->spin_damp	8
TOP.5e102fbb.000b79e7	user_options->status	1
TOP.5e102fbb.000b79e7	user_options->status_timer	60
TOP.5e102fbb.000b79e7	user_options->stdout_flag	0
TOP.5e102fbb.000b79e7	user_options->usage	0
TOP.5e102fbb.000b79e7	user_options->username	0
TOP.5e102fbb.000b79e7	user_options->veracrypt_pim	0
TOP.5e102fbb.000b79e7	user_options->version	0
TOP.5e102fbb.000b79e7	user_options->workload_profile	2
TOP.5e102fbb.000b79e7	user_options->brain_client	0
TOP.5e102fbb.000b79e7	user_options->brain_client_features	2
TOP.5e102fbb.000b79e7	user_options->brain_server	0
TOP.5e102fbb.000b79e7	user_options->brain_port	6863
TOP.5e102fbb.000b79e7	user_options->brain_session	0
TOP.5e102fbb.000b79e7	hashes->hashfile	C:\Users\John\Downloads\Portables\Hashcat\hashes\183031577069277.hccapx
TOP.5e102fbb.000b79e7	hashes->hashlist_mode	4
TOP.5e102fbb.000b79e7	hashes->hashlist_format	0
TOP.5e102fbb.000b79e7	hashes->hashes_cnt	0
TOP.5e102fbb.000b79e7	hashes->digests_cnt	1
TOP.5e102fbb.000b79e7	hashes->digests_done	0
TOP.5e102fbb.000b79e7	hashes->salts_cnt	1
TOP.5e102fbb.000b79e7	hashes->salts_done	0
TOP.5e102fbb.000b79e7	proc_start	1578119099
TOP.5e102fbb.000b79e7	proc_stop	1578119101
TOP.5e102fbb.000b79e7	STOP
TOP.5e102fbd.000d2352	START
TOP.5e102fbd.000d2352	user_options->separator	:
TOP.5e102fbd.000d2352	user_options->encoding_from	utf-8
TOP.5e102fbd.000d2352	user_options->encoding_to	utf-8
TOP.5e102fbd.000d2352	user_options->opencl_device_types	1
TOP.5e102fbd.000d2352	user_options->outfile	C:\Users\John\Downloads\portables\Hashcat\output\output.txt
TOP.5e102fbd.000d2352	user_options->rule_buf_l	:
TOP.5e102fbd.000d2352	user_options->rule_buf_r	:
TOP.5e102fbd.000d2352	user_options->session	2019-12-22
TOP.5e102fbd.000d2352	user_options->limit	0
TOP.5e102fbd.000d2352	user_options->skip	0
TOP.5e102fbd.000d2352	user_options->attack_mode	0
TOP.5e102fbd.000d2352	user_options->benchmark	0
TOP.5e102fbd.000d2352	user_options->benchmark_all	0
TOP.5e102fbd.000d2352	user_options->bitmap_max	18
TOP.5e102fbd.000d2352	user_options->bitmap_min	16
TOP.5e102fbd.000d2352	user_options->debug_mode	0
TOP.5e102fbd.000d2352	user_options->example_hashes	0
TOP.5e102fbd.000d2352	user_options->force	1
TOP.5e102fbd.000d2352	user_options->hwmon_disable	0
TOP.5e102fbd.000d2352	user_options->hwmon_temp_abort	90
TOP.5e102fbd.000d2352	user_options->hash_mode	2500
TOP.5e102fbd.000d2352	user_options->hex_charset	1
TOP.5e102fbd.000d2352	user_options->hex_salt	0
TOP.5e102fbd.000d2352	user_options->hex_wordlist	0
TOP.5e102fbd.000d2352	user_options->increment	0
TOP.5e102fbd.000d2352	user_options->increment_max	256
TOP.5e102fbd.000d2352	user_options->increment_min	1
TOP.5e102fbd.000d2352	user_options->keep_guessing	0
TOP.5e102fbd.000d2352	user_options->kernel_accel	0
TOP.5e102fbd.000d2352	user_options->kernel_loops	0
TOP.5e102fbd.000d2352	user_options->kernel_threads	0
TOP.5e102fbd.000d2352	user_options->keyspace	0
TOP.5e102fbd.000d2352	user_options->left	0
TOP.5e102fbd.000d2352	user_options->logfile_disable	0
TOP.5e102fbd.000d2352	user_options->loopback	0
TOP.5e102fbd.000d2352	user_options->machine_readable	0
TOP.5e102fbd.000d2352	user_options->markov_classic	0
TOP.5e102fbd.000d2352	user_options->markov_disable	0
TOP.5e102fbd.000d2352	user_options->markov_threshold	256
TOP.5e102fbd.000d2352	user_options->opencl_info	0
TOP.5e102fbd.000d2352	user_options->opencl_vector_width	0
TOP.5e102fbd.000d2352	user_options->optimized_kernel_enable	1
TOP.5e102fbd.000d2352	user_options->outfile_autohex	1
TOP.5e102fbd.000d2352	user_options->outfile_check_timer	5
TOP.5e102fbd.000d2352	user_options->outfile_format	1
TOP.5e102fbd.000d2352	user_options->wordlist_autohex_disable	0
TOP.5e102fbd.000d2352	user_options->potfile_disable	1
TOP.5e102fbd.000d2352	user_options->progress_only	0
TOP.5e102fbd.000d2352	user_options->quiet	0
TOP.5e102fbd.000d2352	user_options->remove	0
TOP.5e102fbd.000d2352	user_options->remove_timer	60
TOP.5e102fbd.000d2352	user_options->restore	0
TOP.5e102fbd.000d2352	user_options->restore_disable	0
TOP.5e102fbd.000d2352	user_options->restore_timer	60
TOP.5e102fbd.000d2352	user_options->rp_files_cnt	0
TOP.5e102fbd.000d2352	user_options->rp_gen	0
TOP.5e102fbd.000d2352	user_options->rp_gen_func_max	4
TOP.5e102fbd.000d2352	user_options->rp_gen_func_min	1
TOP.5e102fbd.000d2352	user_options->rp_gen_seed	0
TOP.5e102fbd.000d2352	user_options->runtime	0
TOP.5e102fbd.000d2352	user_options->scrypt_tmto	0
TOP.5e102fbd.000d2352	user_options->segment_size	33554432
TOP.5e102fbd.000d2352	user_options->self_test_disable	0
TOP.5e102fbd.000d2352	user_options->slow_candidates	0
TOP.5e102fbd.000d2352	user_options->show	0
TOP.5e102fbd.000d2352	user_options->speed_only	0
TOP.5e102fbd.000d2352	user_options->spin_damp	8
TOP.5e102fbd.000d2352	user_options->status	1
TOP.5e102fbd.000d2352	user_options->status_timer	60
TOP.5e102fbd.000d2352	user_options->stdout_flag	0
TOP.5e102fbd.000d2352	user_options->usage	0
TOP.5e102fbd.000d2352	user_options->username	0
TOP.5e102fbd.000d2352	user_options->veracrypt_pim	0
TOP.5e102fbd.000d2352	user_options->version	0
TOP.5e102fbd.000d2352	user_options->workload_profile	2
TOP.5e102fbd.000d2352	user_options->brain_client	0
TOP.5e102fbd.000d2352	user_options->brain_client_features	2
TOP.5e102fbd.000d2352	user_options->brain_server	0
TOP.5e102fbd.000d2352	user_options->brain_port	6863
TOP.5e102fbd.000d2352	user_options->brain_session	0
TOP.5e102fbd.000d2352	hashes->hashfile	C:\Users\John\Downloads\Portables\Hashcat\hashes\183031577069277.hccapx
TOP.5e102fbd.000d2352	hashes->hashlist_mode	4
TOP.5e102fbd.000d2352	hashes->hashlist_format	0
TOP.5e102fbd.000d2352	hashes->hashes_cnt	0
TOP.5e102fbd.000d2352	hashes->digests_cnt	1
TOP.5e102fbd.000d2352	hashes->digests_done	0
TOP.5e102fbd.000d2352	hashes->salts_cnt	1
TOP.5e102fbd.000d2352	hashes->salts_done	0
TOP.5e102fbd.000d2352	proc_start	1578119101
TOP.5e102fbd.000d2352	proc_stop	1578119103
TOP.5e102fbd.000d2352	STOP
