TOP.5e294f82.00061a5c	START
TOP.5e294f82.00061a5c	user_options->separator	:
TOP.5e294f82.00061a5c	user_options->encoding_from	utf-8
TOP.5e294f82.00061a5c	user_options->encoding_to	utf-8
TOP.5e294f82.00061a5c	user_options->opencl_device_types	1
TOP.5e294f82.00061a5c	user_options->outfile	C:\Users\John\Downloads\portables\Hashcat\output\output.txt
TOP.5e294f82.00061a5c	user_options->rule_buf_l	:
TOP.5e294f82.00061a5c	user_options->rule_buf_r	:
TOP.5e294f82.00061a5c	user_options->session	2020-01-23
TOP.5e294f82.00061a5c	user_options->limit	0
TOP.5e294f82.00061a5c	user_options->skip	0
TOP.5e294f82.00061a5c	user_options->attack_mode	0
TOP.5e294f82.00061a5c	user_options->benchmark	0
TOP.5e294f82.00061a5c	user_options->benchmark_all	0
TOP.5e294f82.00061a5c	user_options->bitmap_max	18
TOP.5e294f82.00061a5c	user_options->bitmap_min	16
TOP.5e294f82.00061a5c	user_options->debug_mode	0
TOP.5e294f82.00061a5c	user_options->example_hashes	0
TOP.5e294f82.00061a5c	user_options->force	1
TOP.5e294f82.00061a5c	user_options->hwmon_disable	0
TOP.5e294f82.00061a5c	user_options->hwmon_temp_abort	90
TOP.5e294f82.00061a5c	user_options->hash_mode	2500
TOP.5e294f82.00061a5c	user_options->hex_charset	0
TOP.5e294f82.00061a5c	user_options->hex_salt	0
TOP.5e294f82.00061a5c	user_options->hex_wordlist	0
TOP.5e294f82.00061a5c	user_options->increment	0
TOP.5e294f82.00061a5c	user_options->increment_max	256
TOP.5e294f82.00061a5c	user_options->increment_min	1
TOP.5e294f82.00061a5c	user_options->keep_guessing	0
TOP.5e294f82.00061a5c	user_options->kernel_accel	0
TOP.5e294f82.00061a5c	user_options->kernel_loops	0
TOP.5e294f82.00061a5c	user_options->kernel_threads	0
TOP.5e294f82.00061a5c	user_options->keyspace	0
TOP.5e294f82.00061a5c	user_options->left	0
TOP.5e294f82.00061a5c	user_options->logfile_disable	0
TOP.5e294f82.00061a5c	user_options->loopback	0
TOP.5e294f82.00061a5c	user_options->machine_readable	0
TOP.5e294f82.00061a5c	user_options->markov_classic	0
TOP.5e294f82.00061a5c	user_options->markov_disable	0
TOP.5e294f82.00061a5c	user_options->markov_threshold	256
TOP.5e294f82.00061a5c	user_options->opencl_info	0
TOP.5e294f82.00061a5c	user_options->opencl_vector_width	0
TOP.5e294f82.00061a5c	user_options->optimized_kernel_enable	1
TOP.5e294f82.00061a5c	user_options->outfile_autohex	1
TOP.5e294f82.00061a5c	user_options->outfile_check_timer	5
TOP.5e294f82.00061a5c	user_options->outfile_format	1
TOP.5e294f82.00061a5c	user_options->wordlist_autohex_disable	0
TOP.5e294f82.00061a5c	user_options->potfile_disable	1
TOP.5e294f82.00061a5c	user_options->progress_only	0
TOP.5e294f82.00061a5c	user_options->quiet	0
TOP.5e294f82.00061a5c	user_options->remove	0
TOP.5e294f82.00061a5c	user_options->remove_timer	60
TOP.5e294f82.00061a5c	user_options->restore	0
TOP.5e294f82.00061a5c	user_options->restore_disable	0
TOP.5e294f82.00061a5c	user_options->restore_timer	60
TOP.5e294f82.00061a5c	user_options->rp_files_cnt	0
TOP.5e294f82.00061a5c	user_options->rp_gen	1000
TOP.5e294f82.00061a5c	user_options->rp_gen_func_max	4
TOP.5e294f82.00061a5c	user_options->rp_gen_func_min	1
TOP.5e294f82.00061a5c	user_options->rp_gen_seed	0
TOP.5e294f82.00061a5c	user_options->runtime	0
TOP.5e294f82.00061a5c	user_options->scrypt_tmto	0
TOP.5e294f82.00061a5c	user_options->segment_size	33554432
TOP.5e294f82.00061a5c	user_options->self_test_disable	0
TOP.5e294f82.00061a5c	user_options->slow_candidates	0
TOP.5e294f82.00061a5c	user_options->show	0
TOP.5e294f82.00061a5c	user_options->speed_only	0
TOP.5e294f82.00061a5c	user_options->spin_damp	8
TOP.5e294f82.00061a5c	user_options->status	1
TOP.5e294f82.00061a5c	user_options->status_timer	60
TOP.5e294f82.00061a5c	user_options->stdout_flag	0
TOP.5e294f82.00061a5c	user_options->usage	0
TOP.5e294f82.00061a5c	user_options->username	0
TOP.5e294f82.00061a5c	user_options->veracrypt_pim	0
TOP.5e294f82.00061a5c	user_options->version	0
TOP.5e294f82.00061a5c	user_options->workload_profile	2
TOP.5e294f82.00061a5c	user_options->brain_client	0
TOP.5e294f82.00061a5c	user_options->brain_client_features	2
TOP.5e294f82.00061a5c	user_options->brain_server	0
TOP.5e294f82.00061a5c	user_options->brain_port	6863
TOP.5e294f82.00061a5c	user_options->brain_session	0
TOP.5e294f82.00061a5c	hashes->hashfile	C:\Users\John\Downloads\Portables\Hashcat\hashes\183031577069277.hccapx
TOP.5e294f82.00061a5c	hashes->hashlist_mode	4
TOP.5e294f82.00061a5c	hashes->hashlist_format	0
TOP.5e294f82.00061a5c	hashes->hashes_cnt	0
TOP.5e294f82.00061a5c	hashes->digests_cnt	1
TOP.5e294f82.00061a5c	hashes->digests_done	0
TOP.5e294f82.00061a5c	hashes->salts_cnt	1
TOP.5e294f82.00061a5c	hashes->salts_done	0
TOP.5e294f82.00061a5c	proc_start	1579765634
TOP.5e294f82.00061a5c	proc_stop	1579765637
TOP.5e294f82.00061a5c	STOP
TOP.5e294fb9.00099940	START
TOP.5e294fb9.00099940	user_options->separator	:
TOP.5e294fb9.00099940	user_options->encoding_from	utf-8
TOP.5e294fb9.00099940	user_options->encoding_to	utf-8
TOP.5e294fb9.00099940	user_options->opencl_device_types	1
TOP.5e294fb9.00099940	user_options->outfile	C:\Users\John\Downloads\portables\Hashcat\output\output.txt
TOP.5e294fb9.00099940	user_options->rule_buf_l	:
TOP.5e294fb9.00099940	user_options->rule_buf_r	:
TOP.5e294fb9.00099940	user_options->session	2020-01-23
TOP.5e294fb9.00099940	user_options->limit	0
TOP.5e294fb9.00099940	user_options->skip	0
TOP.5e294fb9.00099940	user_options->attack_mode	0
TOP.5e294fb9.00099940	user_options->benchmark	0
TOP.5e294fb9.00099940	user_options->benchmark_all	0
TOP.5e294fb9.00099940	user_options->bitmap_max	18
TOP.5e294fb9.00099940	user_options->bitmap_min	16
TOP.5e294fb9.00099940	user_options->debug_mode	0
TOP.5e294fb9.00099940	user_options->example_hashes	0
TOP.5e294fb9.00099940	user_options->force	1
TOP.5e294fb9.00099940	user_options->hwmon_disable	0
TOP.5e294fb9.00099940	user_options->hwmon_temp_abort	90
TOP.5e294fb9.00099940	user_options->hash_mode	2500
TOP.5e294fb9.00099940	user_options->hex_charset	0
TOP.5e294fb9.00099940	user_options->hex_salt	0
TOP.5e294fb9.00099940	user_options->hex_wordlist	0
TOP.5e294fb9.00099940	user_options->increment	0
TOP.5e294fb9.00099940	user_options->increment_max	256
TOP.5e294fb9.00099940	user_options->increment_min	1
TOP.5e294fb9.00099940	user_options->keep_guessing	0
TOP.5e294fb9.00099940	user_options->kernel_accel	0
TOP.5e294fb9.00099940	user_options->kernel_loops	0
TOP.5e294fb9.00099940	user_options->kernel_threads	0
TOP.5e294fb9.00099940	user_options->keyspace	0
TOP.5e294fb9.00099940	user_options->left	0
TOP.5e294fb9.00099940	user_options->logfile_disable	0
TOP.5e294fb9.00099940	user_options->loopback	0
TOP.5e294fb9.00099940	user_options->machine_readable	0
TOP.5e294fb9.00099940	user_options->markov_classic	0
TOP.5e294fb9.00099940	user_options->markov_disable	0
TOP.5e294fb9.00099940	user_options->markov_threshold	256
TOP.5e294fb9.00099940	user_options->opencl_info	0
TOP.5e294fb9.00099940	user_options->opencl_vector_width	0
TOP.5e294fb9.00099940	user_options->optimized_kernel_enable	1
TOP.5e294fb9.00099940	user_options->outfile_autohex	1
TOP.5e294fb9.00099940	user_options->outfile_check_timer	5
TOP.5e294fb9.00099940	user_options->outfile_format	1
TOP.5e294fb9.00099940	user_options->wordlist_autohex_disable	0
TOP.5e294fb9.00099940	user_options->potfile_disable	1
TOP.5e294fb9.00099940	user_options->progress_only	0
TOP.5e294fb9.00099940	user_options->quiet	0
TOP.5e294fb9.00099940	user_options->remove	0
TOP.5e294fb9.00099940	user_options->remove_timer	60
TOP.5e294fb9.00099940	user_options->restore	0
TOP.5e294fb9.00099940	user_options->restore_disable	0
TOP.5e294fb9.00099940	user_options->restore_timer	60
TOP.5e294fb9.00099940	user_options->rp_files_cnt	0
TOP.5e294fb9.00099940	user_options->rp_gen	1000
TOP.5e294fb9.00099940	user_options->rp_gen_func_max	4
TOP.5e294fb9.00099940	user_options->rp_gen_func_min	1
TOP.5e294fb9.00099940	user_options->rp_gen_seed	0
TOP.5e294fb9.00099940	user_options->runtime	0
TOP.5e294fb9.00099940	user_options->scrypt_tmto	0
TOP.5e294fb9.00099940	user_options->segment_size	33554432
TOP.5e294fb9.00099940	user_options->self_test_disable	0
TOP.5e294fb9.00099940	user_options->slow_candidates	0
TOP.5e294fb9.00099940	user_options->show	0
TOP.5e294fb9.00099940	user_options->speed_only	0
TOP.5e294fb9.00099940	user_options->spin_damp	8
TOP.5e294fb9.00099940	user_options->status	1
TOP.5e294fb9.00099940	user_options->status_timer	60
TOP.5e294fb9.00099940	user_options->stdout_flag	0
TOP.5e294fb9.00099940	user_options->usage	0
TOP.5e294fb9.00099940	user_options->username	0
TOP.5e294fb9.00099940	user_options->veracrypt_pim	0
TOP.5e294fb9.00099940	user_options->version	0
TOP.5e294fb9.00099940	user_options->workload_profile	2
TOP.5e294fb9.00099940	user_options->brain_client	0
TOP.5e294fb9.00099940	user_options->brain_client_features	2
TOP.5e294fb9.00099940	user_options->brain_server	0
TOP.5e294fb9.00099940	user_options->brain_port	6863
TOP.5e294fb9.00099940	user_options->brain_session	0
TOP.5e294fb9.00099940	hashes->hashfile	C:\Users\John\Downloads\Portables\Hashcat\hashes\183031577069277.hccapx
TOP.5e294fb9.00099940	hashes->hashlist_mode	4
TOP.5e294fb9.00099940	hashes->hashlist_format	0
TOP.5e294fb9.00099940	hashes->hashes_cnt	0
TOP.5e294fb9.00099940	hashes->digests_cnt	1
TOP.5e294fb9.00099940	hashes->digests_done	0
TOP.5e294fb9.00099940	hashes->salts_cnt	1
TOP.5e294fb9.00099940	hashes->salts_done	0
TOP.5e294fb9.00099940	proc_start	1579765689
TOP.5e294fb9.00099940	proc_stop	1579765692
TOP.5e294fb9.00099940	STOP
TOP.5e294fe4.000b9b52	START
TOP.5e294fe4.000b9b52	user_options->separator	:
TOP.5e294fe4.000b9b52	user_options->encoding_from	utf-8
TOP.5e294fe4.000b9b52	user_options->encoding_to	utf-8
TOP.5e294fe4.000b9b52	user_options->opencl_device_types	1
TOP.5e294fe4.000b9b52	user_options->outfile	C:\Users\John\Downloads\portables\Hashcat\output\output.txt
TOP.5e294fe4.000b9b52	user_options->rule_buf_l	:
TOP.5e294fe4.000b9b52	user_options->rule_buf_r	:
TOP.5e294fe4.000b9b52	user_options->session	2020-01-23
TOP.5e294fe4.000b9b52	user_options->limit	0
TOP.5e294fe4.000b9b52	user_options->skip	0
TOP.5e294fe4.000b9b52	user_options->attack_mode	0
TOP.5e294fe4.000b9b52	user_options->benchmark	0
TOP.5e294fe4.000b9b52	user_options->benchmark_all	0
TOP.5e294fe4.000b9b52	user_options->bitmap_max	18
TOP.5e294fe4.000b9b52	user_options->bitmap_min	16
TOP.5e294fe4.000b9b52	user_options->debug_mode	0
TOP.5e294fe4.000b9b52	user_options->example_hashes	0
TOP.5e294fe4.000b9b52	user_options->force	1
TOP.5e294fe4.000b9b52	user_options->hwmon_disable	0
TOP.5e294fe4.000b9b52	user_options->hwmon_temp_abort	90
TOP.5e294fe4.000b9b52	user_options->hash_mode	2500
TOP.5e294fe4.000b9b52	user_options->hex_charset	0
TOP.5e294fe4.000b9b52	user_options->hex_salt	0
TOP.5e294fe4.000b9b52	user_options->hex_wordlist	0
TOP.5e294fe4.000b9b52	user_options->increment	0
TOP.5e294fe4.000b9b52	user_options->increment_max	256
TOP.5e294fe4.000b9b52	user_options->increment_min	1
TOP.5e294fe4.000b9b52	user_options->keep_guessing	0
TOP.5e294fe4.000b9b52	user_options->kernel_accel	0
TOP.5e294fe4.000b9b52	user_options->kernel_loops	0
TOP.5e294fe4.000b9b52	user_options->kernel_threads	0
TOP.5e294fe4.000b9b52	user_options->keyspace	0
TOP.5e294fe4.000b9b52	user_options->left	0
TOP.5e294fe4.000b9b52	user_options->logfile_disable	0
TOP.5e294fe4.000b9b52	user_options->loopback	0
TOP.5e294fe4.000b9b52	user_options->machine_readable	0
TOP.5e294fe4.000b9b52	user_options->markov_classic	0
TOP.5e294fe4.000b9b52	user_options->markov_disable	0
TOP.5e294fe4.000b9b52	user_options->markov_threshold	256
TOP.5e294fe4.000b9b52	user_options->opencl_info	0
TOP.5e294fe4.000b9b52	user_options->opencl_vector_width	0
TOP.5e294fe4.000b9b52	user_options->optimized_kernel_enable	1
TOP.5e294fe4.000b9b52	user_options->outfile_autohex	1
TOP.5e294fe4.000b9b52	user_options->outfile_check_timer	5
TOP.5e294fe4.000b9b52	user_options->outfile_format	1
TOP.5e294fe4.000b9b52	user_options->wordlist_autohex_disable	0
TOP.5e294fe4.000b9b52	user_options->potfile_disable	1
TOP.5e294fe4.000b9b52	user_options->progress_only	0
TOP.5e294fe4.000b9b52	user_options->quiet	0
TOP.5e294fe4.000b9b52	user_options->remove	0
TOP.5e294fe4.000b9b52	user_options->remove_timer	60
TOP.5e294fe4.000b9b52	user_options->restore	0
TOP.5e294fe4.000b9b52	user_options->restore_disable	0
TOP.5e294fe4.000b9b52	user_options->restore_timer	60
TOP.5e294fe4.000b9b52	user_options->rp_files_cnt	0
TOP.5e294fe4.000b9b52	user_options->rp_gen	1000
TOP.5e294fe4.000b9b52	user_options->rp_gen_func_max	4
TOP.5e294fe4.000b9b52	user_options->rp_gen_func_min	1
TOP.5e294fe4.000b9b52	user_options->rp_gen_seed	0
TOP.5e294fe4.000b9b52	user_options->runtime	0
TOP.5e294fe4.000b9b52	user_options->scrypt_tmto	0
TOP.5e294fe4.000b9b52	user_options->segment_size	33554432
TOP.5e294fe4.000b9b52	user_options->self_test_disable	0
TOP.5e294fe4.000b9b52	user_options->slow_candidates	0
TOP.5e294fe4.000b9b52	user_options->show	0
TOP.5e294fe4.000b9b52	user_options->speed_only	0
TOP.5e294fe4.000b9b52	user_options->spin_damp	8
TOP.5e294fe4.000b9b52	user_options->status	1
TOP.5e294fe4.000b9b52	user_options->status_timer	60
TOP.5e294fe4.000b9b52	user_options->stdout_flag	0
TOP.5e294fe4.000b9b52	user_options->usage	0
TOP.5e294fe4.000b9b52	user_options->username	0
TOP.5e294fe4.000b9b52	user_options->veracrypt_pim	0
TOP.5e294fe4.000b9b52	user_options->version	0
TOP.5e294fe4.000b9b52	user_options->workload_profile	2
TOP.5e294fe4.000b9b52	user_options->brain_client	0
TOP.5e294fe4.000b9b52	user_options->brain_client_features	2
TOP.5e294fe4.000b9b52	user_options->brain_server	0
TOP.5e294fe4.000b9b52	user_options->brain_port	6863
TOP.5e294fe4.000b9b52	user_options->brain_session	0
TOP.5e294fe4.000b9b52	hashes->hashfile	C:\Users\John\Downloads\Portables\Hashcat\hashes\183031577069277.hccapx
TOP.5e294fe4.000b9b52	hashes->hashlist_mode	4
TOP.5e294fe4.000b9b52	hashes->hashlist_format	0
TOP.5e294fe4.000b9b52	hashes->hashes_cnt	0
TOP.5e294fe4.000b9b52	hashes->digests_cnt	1
TOP.5e294fe4.000b9b52	hashes->digests_done	0
TOP.5e294fe4.000b9b52	hashes->salts_cnt	1
TOP.5e294fe4.000b9b52	hashes->salts_done	0
TOP.5e294fe4.000b9b52	proc_start	1579765732
TOP.5e294fe4.000b9b52	proc_stop	1579765735
TOP.5e294fe4.000b9b52	STOP
TOP.5e295026.000b8ea5	START
TOP.5e295026.000b8ea5	user_options->separator	:
TOP.5e295026.000b8ea5	user_options->encoding_from	utf-8
TOP.5e295026.000b8ea5	user_options->encoding_to	utf-8
TOP.5e295026.000b8ea5	user_options->opencl_device_types	1
TOP.5e295026.000b8ea5	user_options->outfile	C:\Users\John\Downloads\portables\Hashcat\output\output.txt
TOP.5e295026.000b8ea5	user_options->rule_buf_l	:
TOP.5e295026.000b8ea5	user_options->rule_buf_r	:
TOP.5e295026.000b8ea5	user_options->session	2020-01-23
TOP.5e295026.000b8ea5	user_options->limit	0
TOP.5e295026.000b8ea5	user_options->skip	0
TOP.5e295026.000b8ea5	user_options->attack_mode	1
TOP.5e295026.000b8ea5	user_options->benchmark	0
TOP.5e295026.000b8ea5	user_options->benchmark_all	0
TOP.5e295026.000b8ea5	user_options->bitmap_max	18
TOP.5e295026.000b8ea5	user_options->bitmap_min	16
TOP.5e295026.000b8ea5	user_options->debug_mode	0
TOP.5e295026.000b8ea5	user_options->example_hashes	0
TOP.5e295026.000b8ea5	user_options->force	1
TOP.5e295026.000b8ea5	user_options->hwmon_disable	0
TOP.5e295026.000b8ea5	user_options->hwmon_temp_abort	90
TOP.5e295026.000b8ea5	user_options->hash_mode	2500
TOP.5e295026.000b8ea5	user_options->hex_charset	0
TOP.5e295026.000b8ea5	user_options->hex_salt	0
TOP.5e295026.000b8ea5	user_options->hex_wordlist	0
TOP.5e295026.000b8ea5	user_options->increment	0
TOP.5e295026.000b8ea5	user_options->increment_max	256
TOP.5e295026.000b8ea5	user_options->increment_min	1
TOP.5e295026.000b8ea5	user_options->keep_guessing	0
TOP.5e295026.000b8ea5	user_options->kernel_accel	0
TOP.5e295026.000b8ea5	user_options->kernel_loops	0
TOP.5e295026.000b8ea5	user_options->kernel_threads	0
TOP.5e295026.000b8ea5	user_options->keyspace	0
TOP.5e295026.000b8ea5	user_options->left	0
TOP.5e295026.000b8ea5	user_options->logfile_disable	0
TOP.5e295026.000b8ea5	user_options->loopback	0
TOP.5e295026.000b8ea5	user_options->machine_readable	0
TOP.5e295026.000b8ea5	user_options->markov_classic	0
TOP.5e295026.000b8ea5	user_options->markov_disable	0
TOP.5e295026.000b8ea5	user_options->markov_threshold	256
TOP.5e295026.000b8ea5	user_options->opencl_info	0
TOP.5e295026.000b8ea5	user_options->opencl_vector_width	0
TOP.5e295026.000b8ea5	user_options->optimized_kernel_enable	1
TOP.5e295026.000b8ea5	user_options->outfile_autohex	1
TOP.5e295026.000b8ea5	user_options->outfile_check_timer	5
TOP.5e295026.000b8ea5	user_options->outfile_format	1
TOP.5e295026.000b8ea5	user_options->wordlist_autohex_disable	0
TOP.5e295026.000b8ea5	user_options->potfile_disable	1
TOP.5e295026.000b8ea5	user_options->progress_only	0
TOP.5e295026.000b8ea5	user_options->quiet	0
TOP.5e295026.000b8ea5	user_options->remove	0
TOP.5e295026.000b8ea5	user_options->remove_timer	60
TOP.5e295026.000b8ea5	user_options->restore	0
TOP.5e295026.000b8ea5	user_options->restore_disable	0
TOP.5e295026.000b8ea5	user_options->restore_timer	60
TOP.5e295026.000b8ea5	user_options->rp_files_cnt	0
TOP.5e295026.000b8ea5	user_options->rp_gen	0
TOP.5e295026.000b8ea5	user_options->rp_gen_func_max	4
TOP.5e295026.000b8ea5	user_options->rp_gen_func_min	1
TOP.5e295026.000b8ea5	user_options->rp_gen_seed	0
TOP.5e295026.000b8ea5	user_options->runtime	0
TOP.5e295026.000b8ea5	user_options->scrypt_tmto	0
TOP.5e295026.000b8ea5	user_options->segment_size	33554432
TOP.5e295026.000b8ea5	user_options->self_test_disable	0
TOP.5e295026.000b8ea5	user_options->slow_candidates	0
TOP.5e295026.000b8ea5	user_options->show	0
TOP.5e295026.000b8ea5	user_options->speed_only	0
TOP.5e295026.000b8ea5	user_options->spin_damp	8
TOP.5e295026.000b8ea5	user_options->status	1
TOP.5e295026.000b8ea5	user_options->status_timer	60
TOP.5e295026.000b8ea5	user_options->stdout_flag	0
TOP.5e295026.000b8ea5	user_options->usage	0
TOP.5e295026.000b8ea5	user_options->username	0
TOP.5e295026.000b8ea5	user_options->veracrypt_pim	0
TOP.5e295026.000b8ea5	user_options->version	0
TOP.5e295026.000b8ea5	user_options->workload_profile	2
TOP.5e295026.000b8ea5	user_options->brain_client	0
TOP.5e295026.000b8ea5	user_options->brain_client_features	2
TOP.5e295026.000b8ea5	user_options->brain_server	0
TOP.5e295026.000b8ea5	user_options->brain_port	6863
TOP.5e295026.000b8ea5	user_options->brain_session	0
TOP.5e295026.000b8ea5	hashes->hashfile	C:\Users\John\Downloads\Portables\Hashcat\hashes\183031577069277.hccapx
TOP.5e295026.000b8ea5	hashes->hashlist_mode	4
TOP.5e295026.000b8ea5	hashes->hashlist_format	0
TOP.5e295026.000b8ea5	hashes->hashes_cnt	0
TOP.5e295026.000b8ea5	hashes->digests_cnt	1
TOP.5e295026.000b8ea5	hashes->digests_done	0
TOP.5e295026.000b8ea5	hashes->salts_cnt	1
TOP.5e295026.000b8ea5	hashes->salts_done	0
TOP.5e295026.000b8ea5	proc_start	1579765798
TOP.5e295026.000b8ea5	proc_stop	1579765801
TOP.5e295026.000b8ea5	STOP
TOP.5e29506f.000965a8	START
TOP.5e29506f.000965a8	user_options->separator	:
TOP.5e29506f.000965a8	user_options->encoding_from	utf-8
TOP.5e29506f.000965a8	user_options->encoding_to	utf-8
TOP.5e29506f.000965a8	user_options->opencl_device_types	1
TOP.5e29506f.000965a8	user_options->outfile	C:\Users\John\Downloads\portables\Hashcat\output\output.txt
TOP.5e29506f.000965a8	user_options->rule_buf_l	:
TOP.5e29506f.000965a8	user_options->rule_buf_r	:
TOP.5e29506f.000965a8	user_options->session	2020-01-23
TOP.5e29506f.000965a8	user_options->limit	0
TOP.5e29506f.000965a8	user_options->skip	0
TOP.5e29506f.000965a8	user_options->attack_mode	1
TOP.5e29506f.000965a8	user_options->benchmark	0
TOP.5e29506f.000965a8	user_options->benchmark_all	0
TOP.5e29506f.000965a8	user_options->bitmap_max	18
TOP.5e29506f.000965a8	user_options->bitmap_min	16
TOP.5e29506f.000965a8	user_options->debug_mode	0
TOP.5e29506f.000965a8	user_options->example_hashes	0
TOP.5e29506f.000965a8	user_options->force	1
TOP.5e29506f.000965a8	user_options->hwmon_disable	0
TOP.5e29506f.000965a8	user_options->hwmon_temp_abort	90
TOP.5e29506f.000965a8	user_options->hash_mode	2500
TOP.5e29506f.000965a8	user_options->hex_charset	0
TOP.5e29506f.000965a8	user_options->hex_salt	0
TOP.5e29506f.000965a8	user_options->hex_wordlist	0
TOP.5e29506f.000965a8	user_options->increment	0
TOP.5e29506f.000965a8	user_options->increment_max	256
TOP.5e29506f.000965a8	user_options->increment_min	1
TOP.5e29506f.000965a8	user_options->keep_guessing	0
TOP.5e29506f.000965a8	user_options->kernel_accel	0
TOP.5e29506f.000965a8	user_options->kernel_loops	0
TOP.5e29506f.000965a8	user_options->kernel_threads	0
TOP.5e29506f.000965a8	user_options->keyspace	0
TOP.5e29506f.000965a8	user_options->left	0
TOP.5e29506f.000965a8	user_options->logfile_disable	0
TOP.5e29506f.000965a8	user_options->loopback	0
TOP.5e29506f.000965a8	user_options->machine_readable	0
TOP.5e29506f.000965a8	user_options->markov_classic	0
TOP.5e29506f.000965a8	user_options->markov_disable	0
TOP.5e29506f.000965a8	user_options->markov_threshold	256
TOP.5e29506f.000965a8	user_options->opencl_info	0
TOP.5e29506f.000965a8	user_options->opencl_vector_width	0
TOP.5e29506f.000965a8	user_options->optimized_kernel_enable	1
TOP.5e29506f.000965a8	user_options->outfile_autohex	1
TOP.5e29506f.000965a8	user_options->outfile_check_timer	5
TOP.5e29506f.000965a8	user_options->outfile_format	1
TOP.5e29506f.000965a8	user_options->wordlist_autohex_disable	0
TOP.5e29506f.000965a8	user_options->potfile_disable	1
TOP.5e29506f.000965a8	user_options->progress_only	0
TOP.5e29506f.000965a8	user_options->quiet	0
TOP.5e29506f.000965a8	user_options->remove	0
TOP.5e29506f.000965a8	user_options->remove_timer	60
TOP.5e29506f.000965a8	user_options->restore	0
TOP.5e29506f.000965a8	user_options->restore_disable	0
TOP.5e29506f.000965a8	user_options->restore_timer	60
TOP.5e29506f.000965a8	user_options->rp_files_cnt	0
TOP.5e29506f.000965a8	user_options->rp_gen	0
TOP.5e29506f.000965a8	user_options->rp_gen_func_max	4
TOP.5e29506f.000965a8	user_options->rp_gen_func_min	1
TOP.5e29506f.000965a8	user_options->rp_gen_seed	0
TOP.5e29506f.000965a8	user_options->runtime	0
TOP.5e29506f.000965a8	user_options->scrypt_tmto	0
TOP.5e29506f.000965a8	user_options->segment_size	33554432
TOP.5e29506f.000965a8	user_options->self_test_disable	0
TOP.5e29506f.000965a8	user_options->slow_candidates	0
TOP.5e29506f.000965a8	user_options->show	0
TOP.5e29506f.000965a8	user_options->speed_only	0
TOP.5e29506f.000965a8	user_options->spin_damp	8
TOP.5e29506f.000965a8	user_options->status	1
TOP.5e29506f.000965a8	user_options->status_timer	60
TOP.5e29506f.000965a8	user_options->stdout_flag	0
TOP.5e29506f.000965a8	user_options->usage	0
TOP.5e29506f.000965a8	user_options->username	0
TOP.5e29506f.000965a8	user_options->veracrypt_pim	0
TOP.5e29506f.000965a8	user_options->version	0
TOP.5e29506f.000965a8	user_options->workload_profile	2
TOP.5e29506f.000965a8	user_options->brain_client	0
TOP.5e29506f.000965a8	user_options->brain_client_features	2
TOP.5e29506f.000965a8	user_options->brain_server	0
TOP.5e29506f.000965a8	user_options->brain_port	6863
TOP.5e29506f.000965a8	user_options->brain_session	0
TOP.5e29506f.000965a8	hashes->hashfile	C:\Users\John\Downloads\Portables\Hashcat\hashes\183031577069277.hccapx
TOP.5e29506f.000965a8	hashes->hashlist_mode	4
TOP.5e29506f.000965a8	hashes->hashlist_format	0
TOP.5e29506f.000965a8	hashes->hashes_cnt	0
TOP.5e29506f.000965a8	hashes->digests_cnt	1
TOP.5e29506f.000965a8	hashes->digests_done	0
TOP.5e29506f.000965a8	hashes->salts_cnt	1
TOP.5e29506f.000965a8	hashes->salts_done	0
TOP.5e29506f.000965a8	proc_start	1579765871
TOP.5e29506f.000965a8	proc_stop	1579765874
TOP.5e29506f.000965a8	STOP
TOP.5e2950b2.00047ea1	START
TOP.5e2950b2.00047ea1	user_options->separator	:
TOP.5e2950b2.00047ea1	user_options->encoding_from	utf-8
TOP.5e2950b2.00047ea1	user_options->encoding_to	utf-8
TOP.5e2950b2.00047ea1	user_options->opencl_device_types	1
TOP.5e2950b2.00047ea1	user_options->outfile	C:\Users\John\Downloads\portables\Hashcat\output\output.txt
TOP.5e2950b2.00047ea1	user_options->rule_buf_l	:
TOP.5e2950b2.00047ea1	user_options->rule_buf_r	:
TOP.5e2950b2.00047ea1	user_options->session	2020-01-23
TOP.5e2950b2.00047ea1	user_options->limit	0
TOP.5e2950b2.00047ea1	user_options->skip	0
TOP.5e2950b2.00047ea1	user_options->attack_mode	1
TOP.5e2950b2.00047ea1	user_options->benchmark	0
TOP.5e2950b2.00047ea1	user_options->benchmark_all	0
TOP.5e2950b2.00047ea1	user_options->bitmap_max	18
TOP.5e2950b2.00047ea1	user_options->bitmap_min	16
TOP.5e2950b2.00047ea1	user_options->debug_mode	0
TOP.5e2950b2.00047ea1	user_options->example_hashes	0
TOP.5e2950b2.00047ea1	user_options->force	1
TOP.5e2950b2.00047ea1	user_options->hwmon_disable	0
TOP.5e2950b2.00047ea1	user_options->hwmon_temp_abort	90
TOP.5e2950b2.00047ea1	user_options->hash_mode	2500
TOP.5e2950b2.00047ea1	user_options->hex_charset	0
TOP.5e2950b2.00047ea1	user_options->hex_salt	0
TOP.5e2950b2.00047ea1	user_options->hex_wordlist	0
TOP.5e2950b2.00047ea1	user_options->increment	0
TOP.5e2950b2.00047ea1	user_options->increment_max	256
TOP.5e2950b2.00047ea1	user_options->increment_min	1
TOP.5e2950b2.00047ea1	user_options->keep_guessing	0
TOP.5e2950b2.00047ea1	user_options->kernel_accel	0
TOP.5e2950b2.00047ea1	user_options->kernel_loops	0
TOP.5e2950b2.00047ea1	user_options->kernel_threads	0
TOP.5e2950b2.00047ea1	user_options->keyspace	0
TOP.5e2950b2.00047ea1	user_options->left	0
TOP.5e2950b2.00047ea1	user_options->logfile_disable	0
TOP.5e2950b2.00047ea1	user_options->loopback	0
TOP.5e2950b2.00047ea1	user_options->machine_readable	0
TOP.5e2950b2.00047ea1	user_options->markov_classic	0
TOP.5e2950b2.00047ea1	user_options->markov_disable	0
TOP.5e2950b2.00047ea1	user_options->markov_threshold	256
TOP.5e2950b2.00047ea1	user_options->opencl_info	0
TOP.5e2950b2.00047ea1	user_options->opencl_vector_width	0
TOP.5e2950b2.00047ea1	user_options->optimized_kernel_enable	1
TOP.5e2950b2.00047ea1	user_options->outfile_autohex	1
TOP.5e2950b2.00047ea1	user_options->outfile_check_timer	5
TOP.5e2950b2.00047ea1	user_options->outfile_format	1
TOP.5e2950b2.00047ea1	user_options->wordlist_autohex_disable	0
TOP.5e2950b2.00047ea1	user_options->potfile_disable	1
TOP.5e2950b2.00047ea1	user_options->progress_only	0
TOP.5e2950b2.00047ea1	user_options->quiet	0
TOP.5e2950b2.00047ea1	user_options->remove	0
TOP.5e2950b2.00047ea1	user_options->remove_timer	60
TOP.5e2950b2.00047ea1	user_options->restore	0
TOP.5e2950b2.00047ea1	user_options->restore_disable	0
TOP.5e2950b2.00047ea1	user_options->restore_timer	60
TOP.5e2950b2.00047ea1	user_options->rp_files_cnt	0
TOP.5e2950b2.00047ea1	user_options->rp_gen	0
TOP.5e2950b2.00047ea1	user_options->rp_gen_func_max	4
TOP.5e2950b2.00047ea1	user_options->rp_gen_func_min	1
TOP.5e2950b2.00047ea1	user_options->rp_gen_seed	0
TOP.5e2950b2.00047ea1	user_options->runtime	0
TOP.5e2950b2.00047ea1	user_options->scrypt_tmto	0
TOP.5e2950b2.00047ea1	user_options->segment_size	33554432
TOP.5e2950b2.00047ea1	user_options->self_test_disable	0
TOP.5e2950b2.00047ea1	user_options->slow_candidates	0
TOP.5e2950b2.00047ea1	user_options->show	0
TOP.5e2950b2.00047ea1	user_options->speed_only	0
TOP.5e2950b2.00047ea1	user_options->spin_damp	8
TOP.5e2950b2.00047ea1	user_options->status	1
TOP.5e2950b2.00047ea1	user_options->status_timer	60
TOP.5e2950b2.00047ea1	user_options->stdout_flag	0
TOP.5e2950b2.00047ea1	user_options->usage	0
TOP.5e2950b2.00047ea1	user_options->username	0
TOP.5e2950b2.00047ea1	user_options->veracrypt_pim	0
TOP.5e2950b2.00047ea1	user_options->version	0
TOP.5e2950b2.00047ea1	user_options->workload_profile	2
TOP.5e2950b2.00047ea1	user_options->brain_client	0
TOP.5e2950b2.00047ea1	user_options->brain_client_features	2
TOP.5e2950b2.00047ea1	user_options->brain_server	0
TOP.5e2950b2.00047ea1	user_options->brain_port	6863
TOP.5e2950b2.00047ea1	user_options->brain_session	0
TOP.5e2950b2.00047ea1	hashes->hashfile	C:\Users\John\Downloads\Portables\Hashcat\hashes\183031577069277.hccapx
TOP.5e2950b2.00047ea1	hashes->hashlist_mode	4
TOP.5e2950b2.00047ea1	hashes->hashlist_format	0
TOP.5e2950b2.00047ea1	hashes->hashes_cnt	0
TOP.5e2950b2.00047ea1	hashes->digests_cnt	1
TOP.5e2950b2.00047ea1	hashes->digests_done	0
TOP.5e2950b2.00047ea1	hashes->salts_cnt	1
TOP.5e2950b2.00047ea1	hashes->salts_done	0
TOP.5e2950b2.00047ea1	proc_start	1579765938
TOP.5e2950b2.00047ea1	proc_stop	1579765941
TOP.5e2950b2.00047ea1	STOP
TOP.5e295152.000e0af3	START
TOP.5e295152.000e0af3	user_options->separator	:
TOP.5e295152.000e0af3	user_options->custom_charset_1	abcdefghijklmnopqrstuvwxyz
TOP.5e295152.000e0af3	user_options->custom_charset_2	ABCDEFGHIJKLMNOPQRSTUVWXYZ
TOP.5e295152.000e0af3	user_options->custom_charset_3	1234567890
TOP.5e295152.000e0af3	user_options->encoding_from	utf-8
TOP.5e295152.000e0af3	user_options->encoding_to	utf-8
TOP.5e295152.000e0af3	user_options->opencl_device_types	1
TOP.5e295152.000e0af3	user_options->outfile	C:\Users\John\Downloads\portables\Hashcat\output\output.txt
TOP.5e295152.000e0af3	user_options->rule_buf_l	:
TOP.5e295152.000e0af3	user_options->rule_buf_r	:
TOP.5e295152.000e0af3	user_options->session	2020-01-23
TOP.5e295152.000e0af3	user_options->limit	0
TOP.5e295152.000e0af3	user_options->skip	0
TOP.5e295152.000e0af3	user_options->attack_mode	3
TOP.5e295152.000e0af3	user_options->benchmark	0
TOP.5e295152.000e0af3	user_options->benchmark_all	0
TOP.5e295152.000e0af3	user_options->bitmap_max	18
TOP.5e295152.000e0af3	user_options->bitmap_min	16
TOP.5e295152.000e0af3	user_options->debug_mode	0
TOP.5e295152.000e0af3	user_options->example_hashes	0
TOP.5e295152.000e0af3	user_options->force	1
TOP.5e295152.000e0af3	user_options->hwmon_disable	0
TOP.5e295152.000e0af3	user_options->hwmon_temp_abort	90
TOP.5e295152.000e0af3	user_options->hash_mode	2500
TOP.5e295152.000e0af3	user_options->hex_charset	0
TOP.5e295152.000e0af3	user_options->hex_salt	0
TOP.5e295152.000e0af3	user_options->hex_wordlist	0
TOP.5e295152.000e0af3	user_options->increment	1
TOP.5e295152.000e0af3	user_options->increment_max	8
TOP.5e295152.000e0af3	user_options->increment_min	1
TOP.5e295152.000e0af3	user_options->keep_guessing	0
TOP.5e295152.000e0af3	user_options->kernel_accel	0
TOP.5e295152.000e0af3	user_options->kernel_loops	0
TOP.5e295152.000e0af3	user_options->kernel_threads	0
TOP.5e295152.000e0af3	user_options->keyspace	0
TOP.5e295152.000e0af3	user_options->left	0
TOP.5e295152.000e0af3	user_options->logfile_disable	0
TOP.5e295152.000e0af3	user_options->loopback	0
TOP.5e295152.000e0af3	user_options->machine_readable	0
TOP.5e295152.000e0af3	user_options->markov_classic	0
TOP.5e295152.000e0af3	user_options->markov_disable	0
TOP.5e295152.000e0af3	user_options->markov_threshold	4
TOP.5e295152.000e0af3	user_options->opencl_info	0
TOP.5e295152.000e0af3	user_options->opencl_vector_width	0
TOP.5e295152.000e0af3	user_options->optimized_kernel_enable	1
TOP.5e295152.000e0af3	user_options->outfile_autohex	1
TOP.5e295152.000e0af3	user_options->outfile_check_timer	5
TOP.5e295152.000e0af3	user_options->outfile_format	1
TOP.5e295152.000e0af3	user_options->wordlist_autohex_disable	0
TOP.5e295152.000e0af3	user_options->potfile_disable	1
TOP.5e295152.000e0af3	user_options->progress_only	0
TOP.5e295152.000e0af3	user_options->quiet	0
TOP.5e295152.000e0af3	user_options->remove	0
TOP.5e295152.000e0af3	user_options->remove_timer	60
TOP.5e295152.000e0af3	user_options->restore	0
TOP.5e295152.000e0af3	user_options->restore_disable	0
TOP.5e295152.000e0af3	user_options->restore_timer	60
TOP.5e295152.000e0af3	user_options->rp_files_cnt	0
TOP.5e295152.000e0af3	user_options->rp_gen	0
TOP.5e295152.000e0af3	user_options->rp_gen_func_max	4
TOP.5e295152.000e0af3	user_options->rp_gen_func_min	1
TOP.5e295152.000e0af3	user_options->rp_gen_seed	0
TOP.5e295152.000e0af3	user_options->runtime	0
TOP.5e295152.000e0af3	user_options->scrypt_tmto	0
TOP.5e295152.000e0af3	user_options->segment_size	33554432
TOP.5e295152.000e0af3	user_options->self_test_disable	0
TOP.5e295152.000e0af3	user_options->slow_candidates	0
TOP.5e295152.000e0af3	user_options->show	0
TOP.5e295152.000e0af3	user_options->speed_only	0
TOP.5e295152.000e0af3	user_options->spin_damp	8
TOP.5e295152.000e0af3	user_options->status	1
TOP.5e295152.000e0af3	user_options->status_timer	60
TOP.5e295152.000e0af3	user_options->stdout_flag	0
TOP.5e295152.000e0af3	user_options->usage	0
TOP.5e295152.000e0af3	user_options->username	0
TOP.5e295152.000e0af3	user_options->veracrypt_pim	0
TOP.5e295152.000e0af3	user_options->version	0
TOP.5e295152.000e0af3	user_options->workload_profile	2
TOP.5e295152.000e0af3	user_options->brain_client	0
TOP.5e295152.000e0af3	user_options->brain_client_features	2
TOP.5e295152.000e0af3	user_options->brain_server	0
TOP.5e295152.000e0af3	user_options->brain_port	6863
TOP.5e295152.000e0af3	user_options->brain_session	0
TOP.5e295152.000e0af3	hashes->hashfile	C:\Users\John\Downloads\Portables\Hashcat\hashes\183031577069277.hccapx
TOP.5e295152.000e0af3	hashes->hashlist_mode	4
TOP.5e295152.000e0af3	hashes->hashlist_format	0
TOP.5e295152.000e0af3	hashes->hashes_cnt	0
TOP.5e295152.000e0af3	hashes->digests_cnt	1
TOP.5e295152.000e0af3	hashes->digests_done	0
TOP.5e295152.000e0af3	hashes->salts_cnt	1
TOP.5e295152.000e0af3	hashes->salts_done	0
TOP.5e295152.000e0af3	proc_start	1579766098
TOP.5e295152.000e0af3	proc_stop	1579766102
TOP.5e295152.000e0af3	STOP
TOP.5e295191.000885af	START
TOP.5e295191.000885af	user_options->separator	:
TOP.5e295191.000885af	user_options->encoding_from	utf-8
TOP.5e295191.000885af	user_options->encoding_to	utf-8
TOP.5e295191.000885af	user_options->opencl_device_types	1
TOP.5e295191.000885af	user_options->outfile	C:\Users\John\Downloads\portables\Hashcat\output\output.txt
TOP.5e295191.000885af	user_options->rule_buf_l	:
TOP.5e295191.000885af	user_options->rule_buf_r	:
TOP.5e295191.000885af	user_options->session	2020-01-23
TOP.5e295191.000885af	user_options->limit	0
TOP.5e295191.000885af	user_options->skip	0
TOP.5e295191.000885af	user_options->attack_mode	0
TOP.5e295191.000885af	user_options->benchmark	0
TOP.5e295191.000885af	user_options->benchmark_all	0
TOP.5e295191.000885af	user_options->bitmap_max	18
TOP.5e295191.000885af	user_options->bitmap_min	16
TOP.5e295191.000885af	user_options->debug_mode	0
TOP.5e295191.000885af	user_options->example_hashes	0
TOP.5e295191.000885af	user_options->force	1
TOP.5e295191.000885af	user_options->hwmon_disable	0
TOP.5e295191.000885af	user_options->hwmon_temp_abort	90
TOP.5e295191.000885af	user_options->hash_mode	2500
TOP.5e295191.000885af	user_options->hex_charset	0
TOP.5e295191.000885af	user_options->hex_salt	0
TOP.5e295191.000885af	user_options->hex_wordlist	0
TOP.5e295191.000885af	user_options->increment	0
TOP.5e295191.000885af	user_options->increment_max	256
TOP.5e295191.000885af	user_options->increment_min	1
TOP.5e295191.000885af	user_options->keep_guessing	0
TOP.5e295191.000885af	user_options->kernel_accel	0
TOP.5e295191.000885af	user_options->kernel_loops	0
TOP.5e295191.000885af	user_options->kernel_threads	0
TOP.5e295191.000885af	user_options->keyspace	0
TOP.5e295191.000885af	user_options->left	0
TOP.5e295191.000885af	user_options->logfile_disable	0
TOP.5e295191.000885af	user_options->loopback	0
TOP.5e295191.000885af	user_options->machine_readable	0
TOP.5e295191.000885af	user_options->markov_classic	0
TOP.5e295191.000885af	user_options->markov_disable	0
TOP.5e295191.000885af	user_options->markov_threshold	256
TOP.5e295191.000885af	user_options->opencl_info	0
TOP.5e295191.000885af	user_options->opencl_vector_width	0
TOP.5e295191.000885af	user_options->optimized_kernel_enable	1
TOP.5e295191.000885af	user_options->outfile_autohex	1
TOP.5e295191.000885af	user_options->outfile_check_timer	5
TOP.5e295191.000885af	user_options->outfile_format	1
TOP.5e295191.000885af	user_options->wordlist_autohex_disable	0
TOP.5e295191.000885af	user_options->potfile_disable	1
TOP.5e295191.000885af	user_options->progress_only	0
TOP.5e295191.000885af	user_options->quiet	0
TOP.5e295191.000885af	user_options->remove	0
TOP.5e295191.000885af	user_options->remove_timer	60
TOP.5e295191.000885af	user_options->restore	0
TOP.5e295191.000885af	user_options->restore_disable	0
TOP.5e295191.000885af	user_options->restore_timer	60
TOP.5e295191.000885af	user_options->rp_files_cnt	0
TOP.5e295191.000885af	user_options->rp_gen	1000
TOP.5e295191.000885af	user_options->rp_gen_func_max	4
TOP.5e295191.000885af	user_options->rp_gen_func_min	1
TOP.5e295191.000885af	user_options->rp_gen_seed	0
TOP.5e295191.000885af	user_options->runtime	0
TOP.5e295191.000885af	user_options->scrypt_tmto	0
TOP.5e295191.000885af	user_options->segment_size	33554432
TOP.5e295191.000885af	user_options->self_test_disable	0
TOP.5e295191.000885af	user_options->slow_candidates	0
TOP.5e295191.000885af	user_options->show	0
TOP.5e295191.000885af	user_options->speed_only	0
TOP.5e295191.000885af	user_options->spin_damp	8
TOP.5e295191.000885af	user_options->status	1
TOP.5e295191.000885af	user_options->status_timer	60
TOP.5e295191.000885af	user_options->stdout_flag	0
TOP.5e295191.000885af	user_options->usage	0
TOP.5e295191.000885af	user_options->username	0
TOP.5e295191.000885af	user_options->veracrypt_pim	0
TOP.5e295191.000885af	user_options->version	0
TOP.5e295191.000885af	user_options->workload_profile	2
TOP.5e295191.000885af	user_options->brain_client	0
TOP.5e295191.000885af	user_options->brain_client_features	2
TOP.5e295191.000885af	user_options->brain_server	0
TOP.5e295191.000885af	user_options->brain_port	6863
TOP.5e295191.000885af	user_options->brain_session	0
TOP.5e295191.000885af	hashes->hashfile	C:\Users\John\Downloads\Portables\Hashcat\hashes\183031577069277.hccapx
TOP.5e295191.000885af	hashes->hashlist_mode	4
TOP.5e295191.000885af	hashes->hashlist_format	0
TOP.5e295191.000885af	hashes->hashes_cnt	0
TOP.5e295191.000885af	hashes->digests_cnt	1
TOP.5e295191.000885af	hashes->digests_done	0
TOP.5e295191.000885af	hashes->salts_cnt	1
TOP.5e295191.000885af	hashes->salts_done	0
TOP.5e295191.000885af	proc_start	1579766161
TOP.5e295191.000885af	proc_stop	1579766164
TOP.5e295191.000885af	STOP
TOP.5e2951bf.00039666	START
TOP.5e2951bf.00039666	user_options->separator	:
TOP.5e2951bf.00039666	user_options->custom_charset_1	abcdefghijklmnopqrstuvwxyz
TOP.5e2951bf.00039666	user_options->custom_charset_2	ABCDEFGHIJKLMNOPQRSTUVWXYZ
TOP.5e2951bf.00039666	user_options->custom_charset_3	1234567890
TOP.5e2951bf.00039666	user_options->encoding_from	utf-8
TOP.5e2951bf.00039666	user_options->encoding_to	utf-8
TOP.5e2951bf.00039666	user_options->opencl_device_types	1
TOP.5e2951bf.00039666	user_options->outfile	C:\Users\John\Downloads\portables\Hashcat\output\output.txt
TOP.5e2951bf.00039666	user_options->rule_buf_l	:
TOP.5e2951bf.00039666	user_options->rule_buf_r	:
TOP.5e2951bf.00039666	user_options->session	2020-01-23
TOP.5e2951bf.00039666	user_options->limit	0
TOP.5e2951bf.00039666	user_options->skip	0
TOP.5e2951bf.00039666	user_options->attack_mode	3
TOP.5e2951bf.00039666	user_options->benchmark	0
TOP.5e2951bf.00039666	user_options->benchmark_all	0
TOP.5e2951bf.00039666	user_options->bitmap_max	18
TOP.5e2951bf.00039666	user_options->bitmap_min	16
TOP.5e2951bf.00039666	user_options->debug_mode	0
TOP.5e2951bf.00039666	user_options->example_hashes	0
TOP.5e2951bf.00039666	user_options->force	1
TOP.5e2951bf.00039666	user_options->hwmon_disable	0
TOP.5e2951bf.00039666	user_options->hwmon_temp_abort	90
TOP.5e2951bf.00039666	user_options->hash_mode	2500
TOP.5e2951bf.00039666	user_options->hex_charset	0
TOP.5e2951bf.00039666	user_options->hex_salt	0
TOP.5e2951bf.00039666	user_options->hex_wordlist	0
TOP.5e2951bf.00039666	user_options->increment	1
TOP.5e2951bf.00039666	user_options->increment_max	8
TOP.5e2951bf.00039666	user_options->increment_min	1
TOP.5e2951bf.00039666	user_options->keep_guessing	0
TOP.5e2951bf.00039666	user_options->kernel_accel	0
TOP.5e2951bf.00039666	user_options->kernel_loops	0
TOP.5e2951bf.00039666	user_options->kernel_threads	0
TOP.5e2951bf.00039666	user_options->keyspace	0
TOP.5e2951bf.00039666	user_options->left	0
TOP.5e2951bf.00039666	user_options->logfile_disable	0
TOP.5e2951bf.00039666	user_options->loopback	0
TOP.5e2951bf.00039666	user_options->machine_readable	0
TOP.5e2951bf.00039666	user_options->markov_classic	0
TOP.5e2951bf.00039666	user_options->markov_disable	0
TOP.5e2951bf.00039666	user_options->markov_threshold	4
TOP.5e2951bf.00039666	user_options->opencl_info	0
TOP.5e2951bf.00039666	user_options->opencl_vector_width	0
TOP.5e2951bf.00039666	user_options->optimized_kernel_enable	1
TOP.5e2951bf.00039666	user_options->outfile_autohex	1
TOP.5e2951bf.00039666	user_options->outfile_check_timer	5
TOP.5e2951bf.00039666	user_options->outfile_format	1
TOP.5e2951bf.00039666	user_options->wordlist_autohex_disable	0
TOP.5e2951bf.00039666	user_options->potfile_disable	1
TOP.5e2951bf.00039666	user_options->progress_only	0
TOP.5e2951bf.00039666	user_options->quiet	0
TOP.5e2951bf.00039666	user_options->remove	0
TOP.5e2951bf.00039666	user_options->remove_timer	60
TOP.5e2951bf.00039666	user_options->restore	0
TOP.5e2951bf.00039666	user_options->restore_disable	0
TOP.5e2951bf.00039666	user_options->restore_timer	60
TOP.5e2951bf.00039666	user_options->rp_files_cnt	0
TOP.5e2951bf.00039666	user_options->rp_gen	0
TOP.5e2951bf.00039666	user_options->rp_gen_func_max	4
TOP.5e2951bf.00039666	user_options->rp_gen_func_min	1
TOP.5e2951bf.00039666	user_options->rp_gen_seed	0
TOP.5e2951bf.00039666	user_options->runtime	0
TOP.5e2951bf.00039666	user_options->scrypt_tmto	0
TOP.5e2951bf.00039666	user_options->segment_size	33554432
TOP.5e2951bf.00039666	user_options->self_test_disable	0
TOP.5e2951bf.00039666	user_options->slow_candidates	0
TOP.5e2951bf.00039666	user_options->show	0
TOP.5e2951bf.00039666	user_options->speed_only	0
TOP.5e2951bf.00039666	user_options->spin_damp	8
TOP.5e2951bf.00039666	user_options->status	1
TOP.5e2951bf.00039666	user_options->status_timer	60
TOP.5e2951bf.00039666	user_options->stdout_flag	0
TOP.5e2951bf.00039666	user_options->usage	0
TOP.5e2951bf.00039666	user_options->username	0
TOP.5e2951bf.00039666	user_options->veracrypt_pim	0
TOP.5e2951bf.00039666	user_options->version	0
TOP.5e2951bf.00039666	user_options->workload_profile	2
TOP.5e2951bf.00039666	user_options->brain_client	0
TOP.5e2951bf.00039666	user_options->brain_client_features	2
TOP.5e2951bf.00039666	user_options->brain_server	0
TOP.5e2951bf.00039666	user_options->brain_port	6863
TOP.5e2951bf.00039666	user_options->brain_session	0
TOP.5e2951bf.00039666	hashes->hashfile	C:\Users\John\Downloads\Portables\Hashcat\hashes\183031577069277.hccapx
TOP.5e2951bf.00039666	hashes->hashlist_mode	4
TOP.5e2951bf.00039666	hashes->hashlist_format	0
TOP.5e2951bf.00039666	hashes->hashes_cnt	0
TOP.5e2951bf.00039666	hashes->digests_cnt	1
TOP.5e2951bf.00039666	hashes->digests_done	0
TOP.5e2951bf.00039666	hashes->salts_cnt	1
TOP.5e2951bf.00039666	hashes->salts_done	0
TOP.5e2951bf.00039666	proc_start	1579766207
TOP.5e2951bf.00039666	proc_stop	1579766210
TOP.5e2951bf.00039666	STOP
TOP.5e2951d7.00024025	START
TOP.5e2951d7.00024025	user_options->separator	:
TOP.5e2951d7.00024025	user_options->encoding_from	utf-8
TOP.5e2951d7.00024025	user_options->encoding_to	utf-8
TOP.5e2951d7.00024025	user_options->opencl_device_types	1
TOP.5e2951d7.00024025	user_options->outfile	C:\Users\John\Downloads\portables\Hashcat\output\output.txt
TOP.5e2951d7.00024025	user_options->rule_buf_l	:
TOP.5e2951d7.00024025	user_options->rule_buf_r	:
TOP.5e2951d7.00024025	user_options->session	2020-01-23
TOP.5e2951d7.00024025	user_options->limit	0
TOP.5e2951d7.00024025	user_options->skip	0
TOP.5e2951d7.00024025	user_options->attack_mode	0
TOP.5e2951d7.00024025	user_options->benchmark	0
TOP.5e2951d7.00024025	user_options->benchmark_all	0
TOP.5e2951d7.00024025	user_options->bitmap_max	18
TOP.5e2951d7.00024025	user_options->bitmap_min	16
TOP.5e2951d7.00024025	user_options->debug_mode	0
TOP.5e2951d7.00024025	user_options->example_hashes	0
TOP.5e2951d7.00024025	user_options->force	1
TOP.5e2951d7.00024025	user_options->hwmon_disable	0
TOP.5e2951d7.00024025	user_options->hwmon_temp_abort	90
TOP.5e2951d7.00024025	user_options->hash_mode	2500
TOP.5e2951d7.00024025	user_options->hex_charset	0
TOP.5e2951d7.00024025	user_options->hex_salt	0
TOP.5e2951d7.00024025	user_options->hex_wordlist	0
TOP.5e2951d7.00024025	user_options->increment	0
TOP.5e2951d7.00024025	user_options->increment_max	256
TOP.5e2951d7.00024025	user_options->increment_min	1
TOP.5e2951d7.00024025	user_options->keep_guessing	0
TOP.5e2951d7.00024025	user_options->kernel_accel	0
TOP.5e2951d7.00024025	user_options->kernel_loops	0
TOP.5e2951d7.00024025	user_options->kernel_threads	0
TOP.5e2951d7.00024025	user_options->keyspace	0
TOP.5e2951d7.00024025	user_options->left	0
TOP.5e2951d7.00024025	user_options->logfile_disable	0
TOP.5e2951d7.00024025	user_options->loopback	0
TOP.5e2951d7.00024025	user_options->machine_readable	0
TOP.5e2951d7.00024025	user_options->markov_classic	0
TOP.5e2951d7.00024025	user_options->markov_disable	0
TOP.5e2951d7.00024025	user_options->markov_threshold	256
TOP.5e2951d7.00024025	user_options->opencl_info	0
TOP.5e2951d7.00024025	user_options->opencl_vector_width	0
TOP.5e2951d7.00024025	user_options->optimized_kernel_enable	1
TOP.5e2951d7.00024025	user_options->outfile_autohex	1
TOP.5e2951d7.00024025	user_options->outfile_check_timer	5
TOP.5e2951d7.00024025	user_options->outfile_format	1
TOP.5e2951d7.00024025	user_options->wordlist_autohex_disable	0
TOP.5e2951d7.00024025	user_options->potfile_disable	1
TOP.5e2951d7.00024025	user_options->progress_only	0
TOP.5e2951d7.00024025	user_options->quiet	0
TOP.5e2951d7.00024025	user_options->remove	0
TOP.5e2951d7.00024025	user_options->remove_timer	60
TOP.5e2951d7.00024025	user_options->restore	0
TOP.5e2951d7.00024025	user_options->restore_disable	0
TOP.5e2951d7.00024025	user_options->restore_timer	60
TOP.5e2951d7.00024025	user_options->rp_files_cnt	0
TOP.5e2951d7.00024025	user_options->rp_gen	1000
TOP.5e2951d7.00024025	user_options->rp_gen_func_max	4
TOP.5e2951d7.00024025	user_options->rp_gen_func_min	1
TOP.5e2951d7.00024025	user_options->rp_gen_seed	0
TOP.5e2951d7.00024025	user_options->runtime	0
TOP.5e2951d7.00024025	user_options->scrypt_tmto	0
TOP.5e2951d7.00024025	user_options->segment_size	33554432
TOP.5e2951d7.00024025	user_options->self_test_disable	0
TOP.5e2951d7.00024025	user_options->slow_candidates	0
TOP.5e2951d7.00024025	user_options->show	0
TOP.5e2951d7.00024025	user_options->speed_only	0
TOP.5e2951d7.00024025	user_options->spin_damp	8
TOP.5e2951d7.00024025	user_options->status	1
TOP.5e2951d7.00024025	user_options->status_timer	60
TOP.5e2951d7.00024025	user_options->stdout_flag	0
TOP.5e2951d7.00024025	user_options->usage	0
TOP.5e2951d7.00024025	user_options->username	0
TOP.5e2951d7.00024025	user_options->veracrypt_pim	0
TOP.5e2951d7.00024025	user_options->version	0
TOP.5e2951d7.00024025	user_options->workload_profile	2
TOP.5e2951d7.00024025	user_options->brain_client	0
TOP.5e2951d7.00024025	user_options->brain_client_features	2
TOP.5e2951d7.00024025	user_options->brain_server	0
TOP.5e2951d7.00024025	user_options->brain_port	6863
TOP.5e2951d7.00024025	user_options->brain_session	0
TOP.5e2951d7.00024025	hashes->hashfile	C:\Users\John\Downloads\Portables\Hashcat\hashes\183031577069277.hccapx
TOP.5e2951d7.00024025	hashes->hashlist_mode	4
TOP.5e2951d7.00024025	hashes->hashlist_format	0
TOP.5e2951d7.00024025	hashes->hashes_cnt	0
TOP.5e2951d7.00024025	hashes->digests_cnt	1
TOP.5e2951d7.00024025	hashes->digests_done	0
TOP.5e2951d7.00024025	hashes->salts_cnt	1
TOP.5e2951d7.00024025	hashes->salts_done	0
TOP.5e2951d7.00024025	proc_start	1579766231
TOP.5e2951d7.00024025	proc_stop	1579766233
TOP.5e2951d7.00024025	STOP
